3303
PAINT_LINE 0 12 0 27
PAINT_LINE 0 420 0 434
PAINT_LINE 0 437 0 438
PAINT_LINE 0 441 0 449
PAINT_LINE 0 453 0 455
PAINT_LINE 0 458 0 486
PAINT_LINE 0 489 0 508
PAINT_LINE 0 513 0 515
PAINT_LINE 0 518 0 643
PAINT_LINE 0 694 0 698
PAINT_LINE 0 704 0 714
PAINT_LINE 0 739 0 744
PAINT_LINE 0 753 0 758
PAINT_LINE 1 7 1 15
PAINT_LINE 1 20 1 32
PAINT_LINE 1 419 1 515
PAINT_LINE 1 519 5 519
PAINT_LINE 1 520 1 522
PAINT_LINE 1 543 1 544
PAINT_LINE 1 552 1 554
PAINT_LINE 1 557 1 559
PAINT_LINE 1 642 6 642
PAINT_LINE 1 643 6 643
PAINT_LINE 1 644 5 644
PAINT_LINE 1 694 1 698
PAINT_LINE 1 701 1 709
PAINT_LINE 1 740 7 740
PAINT_LINE 1 741 7 741
PAINT_LINE 1 742 7 742
PAINT_LINE 1 743 7 743
PAINT_LINE 1 744 1 744
PAINT_LINE 1 751 1 755
PAINT_LINE 2 2 2 6
PAINT_LINE 2 29 2 36
PAINT_LINE 2 411 5 411
PAINT_LINE 2 417 2 420
PAINT_LINE 2 513 2 514
PAINT_LINE 2 694 2 705
PAINT_LINE 2 748 2 752
PAINT_LINE 2 787 2 791
PAINT_LINE 3 0 3 2
PAINT_LINE 3 34 3 38
PAINT_LINE 3 409 8 409
PAINT_LINE 3 410 7 410
PAINT_LINE 3 412 5 412
PAINT_LINE 3 487 5 487
PAINT_LINE 3 488 5 488
PAINT_LINE 3 517 6 517
PAINT_LINE 3 518 6 518
PAINT_LINE 3 547 6 547
PAINT_LINE 3 548 6 548
PAINT_LINE 3 578 6 578
PAINT_LINE 3 579 6 579
PAINT_LINE 3 610 10 610
PAINT_LINE 3 666 3 668
PAINT_LINE 3 694 3 702
PAINT_LINE 3 744 6 744
PAINT_LINE 3 746 3 750
PAINT_LINE 3 786 3 793
PAINT_LINE 4 0 4 0
PAINT_LINE 4 39 4 43
PAINT_LINE 4 407 7 407
PAINT_LINE 4 408 8 408
PAINT_LINE 4 419 4 421
PAINT_LINE 4 452 4 456
PAINT_LINE 4 484 4 486
PAINT_LINE 4 489 5 489
PAINT_LINE 4 516 6 516
PAINT_LINE 4 520 4 521
PAINT_LINE 4 544 5 544
PAINT_LINE 4 546 5 546
PAINT_LINE 4 549 4 577
PAINT_LINE 4 580 4 609
PAINT_LINE 4 611 4 625
PAINT_LINE 4 636 5 636
PAINT_LINE 4 640 4 641
PAINT_LINE 4 645 4 646
PAINT_LINE 4 651 5 651
PAINT_LINE 4 654 5 654
PAINT_LINE 4 657 4 658
PAINT_LINE 4 664 4 670
PAINT_LINE 4 694 4 699
PAINT_LINE 4 739 7 739
PAINT_LINE 4 745 4 748
PAINT_LINE 4 785 4 793
PAINT_LINE 5 41 5 44
PAINT_LINE 5 406 6 406
PAINT_LINE 5 413 5 486
PAINT_LINE 5 490 5 515
PAINT_LINE 5 520 5 543
PAINT_LINE 5 545 5 545
PAINT_LINE 5 549 5 577
PAINT_LINE 5 580 5 609
PAINT_LINE 5 611 5 635
PAINT_LINE 5 637 5 641
PAINT_LINE 5 645 5 650
PAINT_LINE 5 652 5 653
PAINT_LINE 5 655 5 673
PAINT_LINE 5 695 5 698
PAINT_LINE 5 745 5 746
PAINT_LINE 5 785 5 793
PAINT_LINE 6 44 6 46
PAINT_LINE 6 192 6 201
PAINT_LINE 6 416 6 419
PAINT_LINE 6 452 6 455
PAINT_LINE 6 549 6 549
PAINT_LINE 6 577 6 577
PAINT_LINE 6 609 10 609
PAINT_LINE 6 611 6 611
PAINT_LINE 6 667 6 672
PAINT_LINE 6 694 6 733
PAINT_LINE 6 738 7 738
PAINT_LINE 6 785 6 786
PAINT_LINE 6 790 6 793
PAINT_LINE 7 45 7 47
PAINT_LINE 7 185 7 205
PAINT_LINE 7 274 7 275
PAINT_LINE 7 282 7 284
PAINT_LINE 7 411 7 411
PAINT_LINE 7 454 7 454
PAINT_LINE 7 608 9 608
PAINT_LINE 7 666 7 669
PAINT_LINE 7 696 7 737
PAINT_LINE 8 46 8 48
PAINT_LINE 8 182 9 182
PAINT_LINE 8 184 8 185
PAINT_LINE 8 206 8 209
PAINT_LINE 8 283 8 284
PAINT_LINE 8 578 11 578
PAINT_LINE 8 579 11 579
PAINT_LINE 8 580 11 580
PAINT_LINE 8 611 10 611
PAINT_LINE 8 612 9 612
PAINT_LINE 8 644 12 644
PAINT_LINE 8 645 10 645
PAINT_LINE 8 666 8 668
PAINT_LINE 9 47 9 48
PAINT_LINE 9 180 9 181
PAINT_LINE 9 208 9 210
PAINT_LINE 9 212 11 212
PAINT_LINE 9 246 9 252
PAINT_LINE 9 268 9 273
PAINT_LINE 9 282 9 283
PAINT_LINE 9 420 13 420
PAINT_LINE 9 421 13 421
PAINT_LINE 9 487 12 487
PAINT_LINE 9 488 11 488
PAINT_LINE 9 489 9 489
PAINT_LINE 9 516 9 521
PAINT_LINE 9 577 11 577
PAINT_LINE 9 613 9 614
PAINT_LINE 9 637 9 641
PAINT_LINE 9 643 12 643
PAINT_LINE 9 646 9 646
PAINT_LINE 9 777 39 777
PAINT_LINE 9 778 39 778
PAINT_LINE 9 779 39 779
PAINT_LINE 9 780 38 780
PAINT_LINE 10 48 10 49
PAINT_LINE 10 179 10 181
PAINT_LINE 10 209 10 211
PAINT_LINE 10 213 11 213
PAINT_LINE 10 242 10 243
PAINT_LINE 10 252 10 253
PAINT_LINE 10 266 10 275
PAINT_LINE 10 281 10 282
PAINT_LINE 10 418 10 419
PAINT_LINE 10 453 10 455
PAINT_LINE 10 486 11 486
PAINT_LINE 10 515 10 521
PAINT_LINE 10 547 10 549
PAINT_LINE 10 581 10 581
PAINT_LINE 10 638 10 642
PAINT_LINE 10 773 10 776
PAINT_LINE 11 49 11 50
PAINT_LINE 11 177 11 179
PAINT_LINE 11 211 11 211
PAINT_LINE 11 214 11 215
PAINT_LINE 11 257 11 258
PAINT_LINE 11 261 11 266
PAINT_LINE 11 273 11 274
PAINT_LINE 11 279 11 280
PAINT_LINE 11 297 11 297
PAINT_LINE 11 300 11 300
PAINT_LINE 11 303 11 307
PAINT_LINE 11 338 11 339
PAINT_LINE 11 348 11 350
PAINT_LINE 11 418 11 419
PAINT_LINE 11 453 11 455
PAINT_LINE 11 485 11 485
PAINT_LINE 11 515 11 520
PAINT_LINE 11 547 11 548
PAINT_LINE 11 642 11 642
PAINT_LINE 11 769 11 776
PAINT_LINE 12 50 12 51
PAINT_LINE 12 176 12 178
PAINT_LINE 12 214 12 216
PAINT_LINE 12 238 12 238
PAINT_LINE 12 259 12 262
PAINT_LINE 12 270 15 270
PAINT_LINE 12 271 14 271
PAINT_LINE 12 272 14 272
PAINT_LINE 12 275 12 277
PAINT_LINE 12 294 12 295
PAINT_LINE 12 306 12 310
PAINT_LINE 12 336 12 336
PAINT_LINE 12 350 12 353
PAINT_LINE 12 413 12 414
PAINT_LINE 12 419 12 419
PAINT_LINE 12 422 12 422
PAINT_LINE 12 446 12 447
PAINT_LINE 12 452 12 456
PAINT_LINE 12 765 12 772
PAINT_LINE 12 776 12 776
PAINT_LINE 13 51 13 52
PAINT_LINE 13 125 13 128
PAINT_LINE 13 131 13 135
PAINT_LINE 13 176 14 176
PAINT_LINE 13 216 15 216
PAINT_LINE 13 217 21 217
PAINT_LINE 13 236 15 236
PAINT_LINE 13 237 13 237
PAINT_LINE 13 261 13 262
PAINT_LINE 13 268 15 268
PAINT_LINE 13 269 15 269
PAINT_LINE 13 273 13 275
PAINT_LINE 13 292 13 293
PAINT_LINE 13 310 13 312
PAINT_LINE 13 333 13 335
PAINT_LINE 13 353 13 355
PAINT_LINE 13 454 13 454
PAINT_LINE 13 761 13 769
PAINT_LINE 14 52 20 52
PAINT_LINE 14 98 14 99
PAINT_LINE 14 101 14 106
PAINT_LINE 14 123 14 125
PAINT_LINE 14 133 14 137
PAINT_LINE 14 159 15 159
PAINT_LINE 14 218 20 218
PAINT_LINE 14 235 22 235
PAINT_LINE 14 262 17 262
PAINT_LINE 14 263 14 264
PAINT_LINE 14 267 14 267
PAINT_LINE 14 290 14 292
PAINT_LINE 14 312 14 314
PAINT_LINE 14 331 21 331
PAINT_LINE 14 332 21 332
PAINT_LINE 14 333 14 333
PAINT_LINE 14 355 14 356
PAINT_LINE 14 756 14 767
PAINT_LINE 14 776 29 776
PAINT_LINE 15 69 15 72
PAINT_LINE 15 74 15 77
PAINT_LINE 15 94 15 96
PAINT_LINE 15 106 15 107
PAINT_LINE 15 136 15 138
PAINT_LINE 15 160 15 164
PAINT_LINE 15 219 16 219
PAINT_LINE 15 234 22 234
PAINT_LINE 15 263 15 266
PAINT_LINE 15 289 22 289
PAINT_LINE 15 290 15 290
PAINT_LINE 15 313 15 315
PAINT_LINE 15 356 15 357
PAINT_LINE 15 754 15 761
PAINT_LINE 15 765 15 770
PAINT_LINE 16 51 21 51
PAINT_LINE 16 53 18 53
PAINT_LINE 16 68 20 68
PAINT_LINE 16 69 16 69
PAINT_LINE 16 77 16 79
PAINT_LINE 16 92 16 94
PAINT_LINE 16 107 16 108
PAINT_LINE 16 121 20 121
PAINT_LINE 16 137 16 139
PAINT_LINE 16 151 16 152
PAINT_LINE 16 163 16 165
PAINT_LINE 16 175 21 175
PAINT_LINE 16 233 20 233
PAINT_LINE 16 259 17 259
PAINT_LINE 16 266 18 266
PAINT_LINE 16 267 16 267
PAINT_LINE 16 314 16 316
PAINT_LINE 16 357 21 357
PAINT_LINE 16 358 20 358
PAINT_LINE 16 641 16 643
PAINT_LINE 16 649 16 651
PAINT_LINE 16 654 16 656
PAINT_LINE 16 749 16 755
PAINT_LINE 16 768 16 775
PAINT_LINE 17 79 20 79
PAINT_LINE 17 80 19 80
PAINT_LINE 17 91 17 93
PAINT_LINE 17 108 21 108
PAINT_LINE 17 109 20 109
PAINT_LINE 17 120 18 120
PAINT_LINE 17 122 17 122
PAINT_LINE 17 138 21 138
PAINT_LINE 17 139 20 139
PAINT_LINE 17 140 19 140
PAINT_LINE 17 150 17 151
PAINT_LINE 17 164 17 166
PAINT_LINE 17 174 18 174
PAINT_LINE 17 216 18 216
PAINT_LINE 17 256 17 258
PAINT_LINE 17 263 17 265
PAINT_LINE 17 288 20 288
PAINT_LINE 17 290 23 290
PAINT_LINE 17 315 22 315
PAINT_LINE 17 316 21 316
PAINT_LINE 17 317 20 317
PAINT_LINE 17 330 20 330
PAINT_LINE 17 641 17 657
PAINT_LINE 17 663 18 663
PAINT_LINE 17 746 17 753
PAINT_LINE 18 78 20 78
PAINT_LINE 18 81 18 81
PAINT_LINE 18 91 18 92
PAINT_LINE 18 110 20 110
PAINT_LINE 18 111 19 111
PAINT_LINE 18 150 18 150
PAINT_LINE 18 165 20 165
PAINT_LINE 18 166 19 166
PAINT_LINE 18 255 18 257
PAINT_LINE 18 260 18 261
PAINT_LINE 18 263 18 265
PAINT_LINE 18 359 18 359
PAINT_LINE 18 633 18 635
PAINT_LINE 18 638 18 645
PAINT_LINE 18 649 18 659
PAINT_LINE 18 661 27 661
PAINT_LINE 18 662 27 662
PAINT_LINE 18 742 18 749
PAINT_LINE 19 91 19 91
PAINT_LINE 19 164 21 164
PAINT_LINE 19 176 22 176
PAINT_LINE 19 252 21 252
PAINT_LINE 19 253 21 253
PAINT_LINE 19 255 19 256
PAINT_LINE 19 258 19 259
PAINT_LINE 19 265 20 265
PAINT_LINE 19 356 22 356
PAINT_LINE 19 633 19 640
PAINT_LINE 19 655 19 660
PAINT_LINE 19 712 19 713
PAINT_LINE 19 716 19 717
PAINT_LINE 19 738 19 746
PAINT_LINE 20 69 20 70
PAINT_LINE 20 77 21 77
PAINT_LINE 20 92 20 92
PAINT_LINE 20 122 20 123
PAINT_LINE 20 137 21 137
PAINT_LINE 20 151 20 152
PAINT_LINE 20 163 21 163
PAINT_LINE 20 249 20 251
PAINT_LINE 20 254 20 255
PAINT_LINE 20 264 21 264
PAINT_LINE 20 628 20 630
PAINT_LINE 20 634 20 637
PAINT_LINE 20 658 20 660
PAINT_LINE 20 712 20 712
PAINT_LINE 20 716 20 717
PAINT_LINE 20 734 20 743
PAINT_LINE 21 50 22 50
PAINT_LINE 21 69 21 71
PAINT_LINE 21 75 21 76
PAINT_LINE 21 93 21 94
PAINT_LINE 21 107 22 107
PAINT_LINE 21 122 21 125
PAINT_LINE 21 136 22 136
PAINT_LINE 21 152 21 154
PAINT_LINE 21 162 21 162
PAINT_LINE 21 177 21 177
PAINT_LINE 21 215 23 215
PAINT_LINE 21 216 22 216
PAINT_LINE 21 246 21 249
PAINT_LINE 21 262 21 263
PAINT_LINE 21 355 22 355
PAINT_LINE 21 629 21 637
PAINT_LINE 21 651 21 655
PAINT_LINE 21 659 21 660
PAINT_LINE 21 663 27 663
PAINT_LINE 21 664 25 664
PAINT_LINE 21 665 21 666
PAINT_LINE 21 730 21 738
PAINT_LINE 21 781 28 781
PAINT_LINE 22 49 23 49
PAINT_LINE 22 95 22 97
PAINT_LINE 22 106 22 106
PAINT_LINE 22 123 22 129
PAINT_LINE 22 133 22 135
PAINT_LINE 22 153 22 159
PAINT_LINE 22 230 28 230
PAINT_LINE 22 231 25 231
PAINT_LINE 22 232 22 233
PAINT_LINE 22 236 22 237
PAINT_LINE 22 242 22 243
PAINT_LINE 22 246 23 246
PAINT_LINE 22 248 22 249
PAINT_LINE 22 261 22 263
PAINT_LINE 22 291 23 291
PAINT_LINE 22 313 22 314
PAINT_LINE 22 333 22 334
PAINT_LINE 22 354 23 354
PAINT_LINE 22 629 22 632
PAINT_LINE 22 636 22 639
PAINT_LINE 22 650 22 655
PAINT_LINE 22 665 22 665
PAINT_LINE 22 727 22 733
PAINT_LINE 23 48 24 48
PAINT_LINE 23 102 23 103
PAINT_LINE 23 129 23 133
PAINT_LINE 23 213 23 214
PAINT_LINE 23 227 26 227
PAINT_LINE 23 228 26 228
PAINT_LINE 23 229 26 229
PAINT_LINE 23 232 23 233
PAINT_LINE 23 237 23 239
PAINT_LINE 23 243 23 245
PAINT_LINE 23 247 23 247
PAINT_LINE 23 260 23 261
PAINT_LINE 23 292 24 292
PAINT_LINE 23 312 23 314
PAINT_LINE 23 335 23 337
PAINT_LINE 23 353 23 353
PAINT_LINE 23 624 27 624
PAINT_LINE 23 629 23 631
PAINT_LINE 23 637 23 639
PAINT_LINE 23 660 23 660
PAINT_LINE 23 723 23 730
PAINT_LINE 23 788 23 795
PAINT_LINE 24 180 24 182
PAINT_LINE 24 210 24 212
PAINT_LINE 24 225 24 226
PAINT_LINE 24 236 24 238
PAINT_LINE 24 241 24 243
PAINT_LINE 24 258 24 259
PAINT_LINE 24 295 24 298
PAINT_LINE 24 310 24 311
PAINT_LINE 24 338 24 340
PAINT_LINE 24 346 24 352
PAINT_LINE 24 625 24 630
PAINT_LINE 24 667 24 667
PAINT_LINE 24 718 24 727
PAINT_LINE 24 788 24 796
PAINT_LINE 25 47 25 47
PAINT_LINE 25 180 25 186
PAINT_LINE 25 207 25 210
PAINT_LINE 25 223 25 226
PAINT_LINE 25 232 27 232
PAINT_LINE 25 235 25 238
PAINT_LINE 25 243 25 247
PAINT_LINE 25 251 25 255
PAINT_LINE 25 297 25 298
PAINT_LINE 25 301 25 301
PAINT_LINE 25 304 25 310
PAINT_LINE 25 343 25 346
PAINT_LINE 25 623 28 623
PAINT_LINE 25 625 25 628
PAINT_LINE 25 635 25 635
PAINT_LINE 25 665 25 666
PAINT_LINE 25 715 25 722
PAINT_LINE 25 788 25 792
PAINT_LINE 26 45 26 46
PAINT_LINE 26 185 26 192
PAINT_LINE 26 203 26 205
PAINT_LINE 26 221 26 222
PAINT_LINE 26 233 27 233
PAINT_LINE 26 618 30 618
PAINT_LINE 26 625 28 625
PAINT_LINE 26 626 28 626
PAINT_LINE 26 629 26 630
PAINT_LINE 26 633 26 634
PAINT_LINE 26 644 27 644
PAINT_LINE 26 660 29 660
PAINT_LINE 26 710 26 718
PAINT_LINE 27 43 27 44
PAINT_LINE 27 190 27 203
PAINT_LINE 27 220 29 220
PAINT_LINE 27 221 27 221
PAINT_LINE 27 231 27 231
PAINT_LINE 27 617 27 617
PAINT_LINE 27 619 27 622
PAINT_LINE 27 627 27 630
PAINT_LINE 27 642 27 643
PAINT_LINE 27 659 29 659
PAINT_LINE 27 705 27 713
PAINT_LINE 28 40 28 43
PAINT_LINE 28 137 28 139
PAINT_LINE 28 219 29 219
PAINT_LINE 28 226 28 227
PAINT_LINE 28 229 28 229
PAINT_LINE 28 619 28 622
PAINT_LINE 28 642 28 643
PAINT_LINE 28 658 30 658
PAINT_LINE 28 702 28 711
PAINT_LINE 29 0 31 0
PAINT_LINE 29 39 31 39
PAINT_LINE 29 40 31 40
PAINT_LINE 29 225 29 225
PAINT_LINE 29 611 29 613
PAINT_LINE 29 619 29 622
PAINT_LINE 29 657 33 657
PAINT_LINE 29 661 29 662
PAINT_LINE 29 699 29 708
PAINT_LINE 30 1 30 2
PAINT_LINE 30 36 30 37
PAINT_LINE 30 611 30 617
PAINT_LINE 30 619 30 619
PAINT_LINE 30 640 30 640
PAINT_LINE 30 655 32 655
PAINT_LINE 30 656 32 656
PAINT_LINE 30 661 30 666
PAINT_LINE 30 695 30 704
PAINT_LINE 31 1 31 20
PAINT_LINE 31 23 31 36
PAINT_LINE 31 41 31 154
PAINT_LINE 31 248 31 256
PAINT_LINE 31 612 31 616
PAINT_LINE 31 653 31 654
PAINT_LINE 31 691 31 700
PAINT_LINE 31 776 34 776
PAINT_LINE 32 5 32 31
PAINT_LINE 32 80 36 80
PAINT_LINE 32 81 46 81
PAINT_LINE 32 82 32 82
PAINT_LINE 32 152 46 152
PAINT_LINE 32 153 46 153
PAINT_LINE 32 154 46 154
PAINT_LINE 32 236 32 267
PAINT_LINE 32 608 42 608
PAINT_LINE 32 609 41 609
PAINT_LINE 32 611 32 615
PAINT_LINE 32 651 32 654
PAINT_LINE 32 658 33 658
PAINT_LINE 32 687 32 695
PAINT_LINE 33 13 33 25
PAINT_LINE 33 231 33 272
PAINT_LINE 33 533 82 533
PAINT_LINE 33 534 82 534
PAINT_LINE 33 535 82 535
PAINT_LINE 33 536 82 536
PAINT_LINE 33 537 82 537
PAINT_LINE 33 538 71 538
PAINT_LINE 33 542 82 542
PAINT_LINE 33 607 41 607
PAINT_LINE 33 610 33 612
PAINT_LINE 33 649 33 652
PAINT_LINE 33 659 33 660
PAINT_LINE 33 682 33 692
PAINT_LINE 33 768 33 770
PAINT_LINE 33 773 33 775
PAINT_LINE 34 82 35 82
PAINT_LINE 34 155 45 155
PAINT_LINE 34 228 34 276
PAINT_LINE 34 531 81 531
PAINT_LINE 34 532 82 532
PAINT_LINE 34 541 82 541
PAINT_LINE 34 543 82 543
PAINT_LINE 34 544 44 544
PAINT_LINE 34 610 34 610
PAINT_LINE 34 644 34 652
PAINT_LINE 34 660 34 660
PAINT_LINE 34 679 34 688
PAINT_LINE 34 764 40 764
PAINT_LINE 34 765 40 765
PAINT_LINE 34 766 40 766
PAINT_LINE 35 224 35 282
PAINT_LINE 35 539 82 539
PAINT_LINE 35 540 82 540
PAINT_LINE 35 601 35 606
PAINT_LINE 35 612 35 615
PAINT_LINE 35 636 35 647
PAINT_LINE 35 651 35 653
PAINT_LINE 35 674 35 684
PAINT_LINE 35 763 36 763
PAINT_LINE 35 781 35 781
PAINT_LINE 36 65 48 65
PAINT_LINE 36 66 48 66
PAINT_LINE 36 221 36 284
PAINT_LINE 36 606 39 606
PAINT_LINE 36 613 36 614
PAINT_LINE 36 629 36 641
PAINT_LINE 36 644 36 647
PAINT_LINE 36 671 36 679
PAINT_LINE 36 776 37 776
PAINT_LINE 37 64 39 64
PAINT_LINE 37 98 40 98
PAINT_LINE 37 99 49 99
PAINT_LINE 37 219 37 287
PAINT_LINE 37 530 58 530
PAINT_LINE 37 626 37 639
PAINT_LINE 37 645 37 648
PAINT_LINE 37 668 37 678
PAINT_LINE 38 67 48 67
PAINT_LINE 38 80 39 80
PAINT_LINE 38 82 45 82
PAINT_LINE 38 218 38 287
PAINT_LINE 38 545 42 545
PAINT_LINE 38 623 38 632
PAINT_LINE 38 636 38 639
PAINT_LINE 38 647 44 647
PAINT_LINE 38 648 44 648
PAINT_LINE 38 649 38 652
PAINT_LINE 38 667 38 675
PAINT_LINE 38 763 40 763
PAINT_LINE 39 6 39 9
PAINT_LINE 39 46 46 46
PAINT_LINE 39 47 52 47
PAINT_LINE 39 48 39 48
PAINT_LINE 39 68 39 69
PAINT_LINE 39 216 76 216
PAINT_LINE 39 217 39 239
PAINT_LINE 39 265 39 286
PAINT_LINE 39 601 39 605
PAINT_LINE 39 610 39 615
PAINT_LINE 39 619 39 625
PAINT_LINE 39 630 39 631
PAINT_LINE 39 637 39 640
PAINT_LINE 39 649 39 653
PAINT_LINE 39 666 39 762
PAINT_LINE 39 767 39 776
PAINT_LINE 40 7 51 7
PAINT_LINE 40 8 50 8
PAINT_LINE 40 9 50 9
PAINT_LINE 40 33 49 33
PAINT_LINE 40 34 54 34
PAINT_LINE 40 68 40 70
PAINT_LINE 40 214 75 214
PAINT_LINE 40 215 76 215
PAINT_LINE 40 217 40 236
PAINT_LINE 40 270 40 285
PAINT_LINE 40 610 40 625
PAINT_LINE 40 631 40 631
PAINT_LINE 40 638 40 640
PAINT_LINE 40 646 43 646
PAINT_LINE 40 649 40 653
PAINT_LINE 40 668 40 762
PAINT_LINE 40 767 40 776
PAINT_LINE 41 32 43 32
PAINT_LINE 41 35 47 35
PAINT_LINE 41 36 43 36
PAINT_LINE 41 64 43 64
PAINT_LINE 41 69 41 72
PAINT_LINE 41 80 43 80
PAINT_LINE 41 212 74 212
PAINT_LINE 41 213 74 213
PAINT_LINE 41 217 41 233
PAINT_LINE 41 274 41 283
PAINT_LINE 41 612 41 617
PAINT_LINE 41 623 41 625
PAINT_LINE 41 649 41 653
PAINT_LINE 41 728 41 731
PAINT_LINE 41 781 41 784
PAINT_LINE 42 6 51 6
PAINT_LINE 42 37 46 37
PAINT_LINE 42 48 51 48
PAINT_LINE 42 69 42 73
PAINT_LINE 42 98 43 98
PAINT_LINE 42 100 43 100
PAINT_LINE 42 210 73 210
PAINT_LINE 42 211 74 211
PAINT_LINE 42 217 42 230
PAINT_LINE 42 278 42 280
PAINT_LINE 42 615 42 616
PAINT_LINE 42 651 42 655
PAINT_LINE 42 728 42 732
PAINT_LINE 42 780 42 782
PAINT_LINE 43 38 46 38
PAINT_LINE 43 39 47 39
PAINT_LINE 43 40 47 40
PAINT_LINE 43 70 43 73
PAINT_LINE 43 209 72 209
PAINT_LINE 43 217 43 225
PAINT_LINE 43 651 43 655
PAINT_LINE 43 728 43 733
PAINT_LINE 43 780 43 782
PAINT_LINE 44 41 46 41
PAINT_LINE 44 71 46 71
PAINT_LINE 44 72 46 72
PAINT_LINE 44 207 71 207
PAINT_LINE 44 208 72 208
PAINT_LINE 44 217 44 224
PAINT_LINE 44 649 44 653
PAINT_LINE 44 727 44 732
PAINT_LINE 44 779 44 787
PAINT_LINE 45 0 45 5
PAINT_LINE 45 10 45 32
PAINT_LINE 45 36 45 36
PAINT_LINE 45 42 45 45
PAINT_LINE 45 49 45 64
PAINT_LINE 45 68 45 70
PAINT_LINE 45 73 45 80
PAINT_LINE 45 83 45 98
PAINT_LINE 45 100 45 151
PAINT_LINE 45 206 70 206
PAINT_LINE 45 217 51 217
PAINT_LINE 45 218 50 218
PAINT_LINE 45 219 49 219
PAINT_LINE 45 220 48 220
PAINT_LINE 45 221 47 221
PAINT_LINE 45 222 46 222
PAINT_LINE 45 782 45 784
PAINT_LINE 46 0 46 5
PAINT_LINE 46 11 46 17
PAINT_LINE 46 22 46 23
PAINT_LINE 46 28 46 29
PAINT_LINE 46 31 46 32
PAINT_LINE 46 42 46 43
PAINT_LINE 46 49 46 60
PAINT_LINE 46 62 49 62
PAINT_LINE 46 63 49 63
PAINT_LINE 46 64 49 64
PAINT_LINE 46 68 46 70
PAINT_LINE 46 73 46 76
PAINT_LINE 46 84 46 98
PAINT_LINE 46 100 46 151
PAINT_LINE 47 89 47 98
PAINT_LINE 47 205 69 205
PAINT_LINE 48 2 48 5
PAINT_LINE 48 59 48 61
PAINT_LINE 48 68 48 68
PAINT_LINE 48 87 48 98
PAINT_LINE 48 102 48 102
PAINT_LINE 48 203 67 203
PAINT_LINE 48 204 68 204
PAINT_LINE 48 544 82 544
PAINT_LINE 49 4 51 4
PAINT_LINE 49 5 51 5
PAINT_LINE 49 32 49 32
PAINT_LINE 49 35 49 35
PAINT_LINE 49 44 53 44
PAINT_LINE 49 45 53 45
PAINT_LINE 49 46 52 46
PAINT_LINE 49 58 49 61
PAINT_LINE 49 87 49 98
PAINT_LINE 49 545 67 545
PAINT_LINE 50 0 50 3
PAINT_LINE 50 42 53 42
PAINT_LINE 50 43 53 43
PAINT_LINE 50 88 50 93
PAINT_LINE 50 202 66 202
PAINT_LINE 50 336 50 351
PAINT_LINE 50 409 50 424
PAINT_LINE 50 482 50 499
PAINT_LINE 50 510 95 510
PAINT_LINE 50 511 94 511
PAINT_LINE 50 512 93 512
PAINT_LINE 50 513 93 513
PAINT_LINE 50 514 92 514
PAINT_LINE 50 515 92 515
PAINT_LINE 50 516 90 516
PAINT_LINE 50 575 50 593
PAINT_LINE 51 0 51 3
PAINT_LINE 51 30 51 33
PAINT_LINE 51 35 54 35
PAINT_LINE 51 40 53 40
PAINT_LINE 51 41 53 41
PAINT_LINE 51 328 51 356
PAINT_LINE 51 403 51 429
PAINT_LINE 51 478 51 504
PAINT_LINE 51 506 66 506
PAINT_LINE 51 507 96 507
PAINT_LINE 51 508 95 508
PAINT_LINE 51 509 95 509
PAINT_LINE 51 517 89 517
PAINT_LINE 51 518 88 518
PAINT_LINE 51 519 87 519
PAINT_LINE 51 520 85 520
PAINT_LINE 51 570 51 597
PAINT_LINE 52 28 52 33
PAINT_LINE 52 39 52 39
PAINT_LINE 52 201 52 201
PAINT_LINE 52 324 52 360
PAINT_LINE 52 399 52 432
PAINT_LINE 52 473 52 505
PAINT_LINE 52 521 52 521
PAINT_LINE 52 567 52 599
PAINT_LINE 52 675 56 675
PAINT_LINE 53 27 53 33
PAINT_LINE 53 217 53 217
PAINT_LINE 53 322 53 363
PAINT_LINE 53 395 53 436
PAINT_LINE 53 471 53 505
PAINT_LINE 53 564 53 602
PAINT_LINE 53 674 56 674
PAINT_LINE 53 676 60 676
PAINT_LINE 54 26 54 33
PAINT_LINE 54 64 54 65
PAINT_LINE 54 147 70 147
PAINT_LINE 54 148 70 148
PAINT_LINE 54 150 54 154
PAINT_LINE 54 201 63 201
PAINT_LINE 54 320 54 366
PAINT_LINE 54 393 54 439
PAINT_LINE 54 466 54 505
PAINT_LINE 54 561 54 605
PAINT_LINE 54 672 57 672
PAINT_LINE 54 673 56 673
PAINT_LINE 54 677 60 677
PAINT_LINE 55 65 70 65
PAINT_LINE 55 151 70 151
PAINT_LINE 55 152 70 152
PAINT_LINE 55 153 70 153
PAINT_LINE 55 154 69 154
PAINT_LINE 55 155 67 155
PAINT_LINE 55 200 59 200
PAINT_LINE 55 254 55 301
PAINT_LINE 55 317 55 367
PAINT_LINE 55 392 55 440
PAINT_LINE 55 465 55 505
PAINT_LINE 55 521 83 521
PAINT_LINE 55 560 55 606
PAINT_LINE 55 671 57 671
PAINT_LINE 55 678 60 678
PAINT_LINE 56 66 70 66
PAINT_LINE 56 146 56 146
PAINT_LINE 56 254 56 302
PAINT_LINE 56 316 56 340
PAINT_LINE 56 345 56 369
PAINT_LINE 56 391 56 442
PAINT_LINE 56 464 56 505
PAINT_LINE 56 559 56 607
PAINT_LINE 56 670 58 670
PAINT_LINE 57 254 57 303
PAINT_LINE 57 313 75 313
PAINT_LINE 57 314 76 314
PAINT_LINE 57 315 76 315
PAINT_LINE 57 316 77 316
PAINT_LINE 57 317 77 317
PAINT_LINE 57 318 78 318
PAINT_LINE 57 319 79 319
PAINT_LINE 57 320 79 320
PAINT_LINE 57 321 79 321
PAINT_LINE 57 322 80 322
PAINT_LINE 57 323 57 330
PAINT_LINE 57 350 57 370
PAINT_LINE 57 389 77 389
PAINT_LINE 57 390 77 390
PAINT_LINE 57 391 78 391
PAINT_LINE 57 392 78 392
PAINT_LINE 57 393 78 393
PAINT_LINE 57 394 79 394
PAINT_LINE 57 395 79 395
PAINT_LINE 57 396 57 406
PAINT_LINE 57 424 57 444
PAINT_LINE 57 463 77 463
PAINT_LINE 57 464 77 464
PAINT_LINE 57 465 78 465
PAINT_LINE 57 466 78 466
PAINT_LINE 57 467 79 467
PAINT_LINE 57 468 79 468
PAINT_LINE 57 469 79 469
PAINT_LINE 57 470 80 470
PAINT_LINE 57 471 80 471
PAINT_LINE 57 472 67 472
PAINT_LINE 57 473 57 480
PAINT_LINE 57 496 57 505
PAINT_LINE 57 558 76 558
PAINT_LINE 57 559 77 559
PAINT_LINE 57 560 78 560
PAINT_LINE 57 562 78 562
PAINT_LINE 57 563 78 563
PAINT_LINE 57 564 79 564
PAINT_LINE 57 565 79 565
PAINT_LINE 57 566 57 576
PAINT_LINE 57 593 57 608
PAINT_LINE 57 669 60 669
PAINT_LINE 57 679 61 679
PAINT_LINE 57 778 57 787
PAINT_LINE 58 17 75 17
PAINT_LINE 58 18 71 18
PAINT_LINE 58 19 62 19
PAINT_LINE 58 20 58 20
PAINT_LINE 58 64 59 64
PAINT_LINE 58 67 58 67
PAINT_LINE 58 146 58 146
PAINT_LINE 58 149 58 150
PAINT_LINE 58 253 58 303
PAINT_LINE 58 312 74 312
PAINT_LINE 58 323 58 328
PAINT_LINE 58 354 58 371
PAINT_LINE 58 387 75 387
PAINT_LINE 58 388 76 388
PAINT_LINE 58 396 58 403
PAINT_LINE 58 429 58 445
PAINT_LINE 58 462 76 462
PAINT_LINE 58 473 64 473
PAINT_LINE 58 474 58 478
PAINT_LINE 58 499 58 505
PAINT_LINE 58 557 76 557
PAINT_LINE 58 561 78 561
PAINT_LINE 58 566 58 573
PAINT_LINE 58 596 58 610
PAINT_LINE 58 680 63 680
PAINT_LINE 58 769 58 781
PAINT_LINE 58 785 58 787
PAINT_LINE 59 149 59 150
PAINT_LINE 59 253 59 302
PAINT_LINE 59 311 73 311
PAINT_LINE 59 323 59 326
PAINT_LINE 59 355 59 371
PAINT_LINE 59 386 74 386
PAINT_LINE 59 396 59 401
PAINT_LINE 59 430 59 446
PAINT_LINE 59 461 76 461
PAINT_LINE 59 474 59 477
PAINT_LINE 59 501 59 505
PAINT_LINE 59 556 75 556
PAINT_LINE 59 566 63 566
PAINT_LINE 59 568 59 571
PAINT_LINE 59 597 59 611
PAINT_LINE 59 668 61 668
PAINT_LINE 59 674 59 675
PAINT_LINE 59 681 64 681
PAINT_LINE 59 757 61 757
PAINT_LINE 59 761 59 771
PAINT_LINE 59 778 59 780
PAINT_LINE 59 786 59 788
PAINT_LINE 60 58 77 58
PAINT_LINE 60 59 76 59
PAINT_LINE 60 60 76 60
PAINT_LINE 60 254 60 302
PAINT_LINE 60 310 71 310
PAINT_LINE 60 323 60 325
PAINT_LINE 60 357 60 372
PAINT_LINE 60 385 72 385
PAINT_LINE 60 396 60 399
PAINT_LINE 60 431 60 446
PAINT_LINE 60 459 74 459
PAINT_LINE 60 460 75 460
PAINT_LINE 60 474 60 476
PAINT_LINE 60 504 60 505
PAINT_LINE 60 567 60 569
PAINT_LINE 60 594 60 612
PAINT_LINE 60 667 62 667
PAINT_LINE 60 674 60 675
PAINT_LINE 60 682 65 682
PAINT_LINE 60 749 60 756
PAINT_LINE 60 758 64 758
PAINT_LINE 60 759 64 759
PAINT_LINE 60 760 64 760
PAINT_LINE 60 766 60 768
PAINT_LINE 60 778 60 782
PAINT_LINE 60 785 60 790
PAINT_LINE 61 20 62 20
PAINT_LINE 61 32 77 32
PAINT_LINE 61 33 77 33
PAINT_LINE 61 57 63 57
PAINT_LINE 61 61 64 61
PAINT_LINE 61 62 64 62
PAINT_LINE 61 146 64 146
PAINT_LINE 61 254 61 302
PAINT_LINE 61 323 61 324
PAINT_LINE 61 358 61 373
PAINT_LINE 61 396 61 398
PAINT_LINE 61 432 61 447
PAINT_LINE 61 474 61 474
PAINT_LINE 61 505 62 505
PAINT_LINE 61 555 72 555
PAINT_LINE 61 567 61 568
PAINT_LINE 61 589 61 612
PAINT_LINE 61 666 64 666
PAINT_LINE 61 742 61 752
PAINT_LINE 61 756 61 756
PAINT_LINE 61 766 61 770
PAINT_LINE 61 776 61 785
PAINT_LINE 61 787 61 790
PAINT_LINE 62 0 62 16
PAINT_LINE 62 21 62 31
PAINT_LINE 62 34 77 34
PAINT_LINE 62 35 62 36
PAINT_LINE 62 39 62 56
PAINT_LINE 62 63 67 63
PAINT_LINE 62 64 71 64
PAINT_LINE 62 67 62 112
PAINT_LINE 62 116 62 141
PAINT_LINE 62 145 62 145
PAINT_LINE 62 149 62 150
PAINT_LINE 62 287 62 302
PAINT_LINE 62 323 62 323
PAINT_LINE 62 359 62 374
PAINT_LINE 62 384 70 384
PAINT_LINE 62 396 62 397
PAINT_LINE 62 432 62 448
PAINT_LINE 62 458 71 458
PAINT_LINE 62 554 64 554
PAINT_LINE 62 567 62 567
PAINT_LINE 62 582 62 611
PAINT_LINE 62 665 65 665
PAINT_LINE 62 683 67 683
PAINT_LINE 62 734 62 745
PAINT_LINE 62 748 62 748
PAINT_LINE 62 761 66 761
PAINT_LINE 62 766 62 775
PAINT_LINE 62 781 62 784
PAINT_LINE 62 788 62 792
PAINT_LINE 63 16 63 16
PAINT_LINE 63 21 63 24
PAINT_LINE 63 35 63 35
PAINT_LINE 63 149 63 150
PAINT_LINE 63 217 77 217
PAINT_LINE 63 287 63 301
PAINT_LINE 63 309 70 309
PAINT_LINE 63 359 63 374
PAINT_LINE 63 396 63 396
PAINT_LINE 63 433 63 447
PAINT_LINE 63 457 63 457
PAINT_LINE 63 579 63 606
PAINT_LINE 63 664 67 664
PAINT_LINE 63 674 63 676
PAINT_LINE 63 684 68 684
PAINT_LINE 63 729 63 736
PAINT_LINE 63 741 63 744
PAINT_LINE 63 762 68 762
PAINT_LINE 63 763 68 763
PAINT_LINE 63 764 63 765
PAINT_LINE 63 768 63 772
PAINT_LINE 63 782 66 782
PAINT_LINE 63 783 66 783
PAINT_LINE 63 784 66 784
PAINT_LINE 63 788 63 793
PAINT_LINE 63 798 108 798
PAINT_LINE 63 799 65 799
PAINT_LINE 64 22 64 25
PAINT_LINE 64 218 77 218
PAINT_LINE 64 287 64 301
PAINT_LINE 64 308 68 308
PAINT_LINE 64 360 64 374
PAINT_LINE 64 433 64 448
PAINT_LINE 64 574 64 600
PAINT_LINE 64 673 64 676
PAINT_LINE 64 685 69 685
PAINT_LINE 64 722 64 730
PAINT_LINE 64 733 64 734
PAINT_LINE 64 742 64 745
PAINT_LINE 64 749 64 757
PAINT_LINE 64 770 64 774
PAINT_LINE 64 785 64 793
PAINT_LINE 64 796 108 796
PAINT_LINE 64 797 108 797
PAINT_LINE 65 16 67 16
PAINT_LINE 65 22 65 26
PAINT_LINE 65 150 67 150
PAINT_LINE 65 219 78 219
PAINT_LINE 65 287 65 301
PAINT_LINE 65 361 65 375
PAINT_LINE 65 435 65 448
PAINT_LINE 65 457 70 457
PAINT_LINE 65 568 65 587
PAINT_LINE 65 591 65 596
PAINT_LINE 65 674 65 675
PAINT_LINE 65 686 71 686
PAINT_LINE 65 716 65 724
PAINT_LINE 65 726 65 726
PAINT_LINE 65 733 65 735
PAINT_LINE 65 742 65 755
PAINT_LINE 65 764 69 764
PAINT_LINE 65 771 65 775
PAINT_LINE 65 777 65 781
PAINT_LINE 65 785 65 787
PAINT_LINE 65 795 107 795
PAINT_LINE 66 19 67 19
PAINT_LINE 66 22 66 27
PAINT_LINE 66 31 67 31
PAINT_LINE 66 35 66 35
PAINT_LINE 66 57 77 57
PAINT_LINE 66 61 72 61
PAINT_LINE 66 67 67 67
PAINT_LINE 66 146 67 146
PAINT_LINE 66 149 67 149
PAINT_LINE 66 287 66 301
PAINT_LINE 66 362 80 362
PAINT_LINE 66 363 79 363
PAINT_LINE 66 364 79 364
PAINT_LINE 66 365 78 365
PAINT_LINE 66 366 78 366
PAINT_LINE 66 367 78 367
PAINT_LINE 66 368 77 368
PAINT_LINE 66 369 76 369
PAINT_LINE 66 370 76 370
PAINT_LINE 66 371 75 371
PAINT_LINE 66 372 73 372
PAINT_LINE 66 373 72 373
PAINT_LINE 66 374 69 374
PAINT_LINE 66 436 79 436
PAINT_LINE 66 437 78 437
PAINT_LINE 66 438 78 438
PAINT_LINE 66 439 78 439
PAINT_LINE 66 440 78 440
PAINT_LINE 66 441 77 441
PAINT_LINE 66 442 76 442
PAINT_LINE 66 443 75 443
PAINT_LINE 66 444 74 444
PAINT_LINE 66 445 73 445
PAINT_LINE 66 446 72 446
PAINT_LINE 66 447 70 447
PAINT_LINE 66 448 68 448
PAINT_LINE 66 456 66 456
PAINT_LINE 66 554 71 554
PAINT_LINE 66 566 66 592
PAINT_LINE 66 663 68 663
PAINT_LINE 66 713 66 721
PAINT_LINE 66 734 66 737
PAINT_LINE 66 739 66 748
PAINT_LINE 66 751 66 754
PAINT_LINE 66 771 66 781
PAINT_LINE 66 785 66 786
PAINT_LINE 66 794 85 794
PAINT_LINE 67 22 67 27
PAINT_LINE 67 84 67 85
PAINT_LINE 67 220 78 220
PAINT_LINE 67 286 67 300
PAINT_LINE 67 361 80 361
PAINT_LINE 67 383 68 383
PAINT_LINE 67 530 79 530
PAINT_LINE 67 553 67 553
PAINT_LINE 67 566 67 589
PAINT_LINE 67 662 69 662
PAINT_LINE 67 687 72 687
PAINT_LINE 67 706 67 713
PAINT_LINE 67 721 69 721
PAINT_LINE 67 722 69 722
PAINT_LINE 67 732 67 741
PAINT_LINE 67 744 67 747
PAINT_LINE 67 753 67 756
PAINT_LINE 67 765 67 779
PAINT_LINE 68 23 68 26
PAINT_LINE 68 85 70 85
PAINT_LINE 68 221 78 221
PAINT_LINE 68 222 78 222
PAINT_LINE 68 285 68 299
PAINT_LINE 68 382 68 382
PAINT_LINE 68 396 80 396
PAINT_LINE 68 566 68 583
PAINT_LINE 68 661 71 661
PAINT_LINE 68 674 68 676
PAINT_LINE 68 705 68 711
PAINT_LINE 68 720 69 720
PAINT_LINE 68 723 68 727
PAINT_LINE 68 729 68 731
PAINT_LINE 68 737 68 741
PAINT_LINE 68 746 68 748
PAINT_LINE 68 753 68 761
PAINT_LINE 68 765 68 768
PAINT_LINE 68 776 68 779
PAINT_LINE 69 16 76 16
PAINT_LINE 69 23 69 26
PAINT_LINE 69 31 77 31
PAINT_LINE 69 63 71 63
PAINT_LINE 69 67 70 67
PAINT_LINE 69 86 70 86
PAINT_LINE 69 146 70 146
PAINT_LINE 69 149 69 150
PAINT_LINE 69 223 79 223
PAINT_LINE 69 283 69 298
PAINT_LINE 69 323 80 323
PAINT_LINE 69 360 80 360
PAINT_LINE 69 472 69 472
PAINT_LINE 69 566 69 578
PAINT_LINE 69 660 72 660
PAINT_LINE 69 674 69 676
PAINT_LINE 69 688 74 688
PAINT_LINE 69 689 74 689
PAINT_LINE 69 709 69 712
PAINT_LINE 69 715 69 719
PAINT_LINE 69 723 69 726
PAINT_LINE 69 738 69 742
PAINT_LINE 69 746 69 761
PAINT_LINE 69 765 69 768
PAINT_LINE 69 777 69 782
PAINT_LINE 70 0 70 3
PAINT_LINE 70 5 70 15
PAINT_LINE 70 19 70 30
PAINT_LINE 70 35 70 36
PAINT_LINE 70 38 70 56
PAINT_LINE 70 62 70 62
PAINT_LINE 70 68 70 84
PAINT_LINE 70 87 70 145
PAINT_LINE 70 149 70 150
PAINT_LINE 70 224 79 224
PAINT_LINE 70 225 79 225
PAINT_LINE 70 226 80 226
PAINT_LINE 70 282 70 298
PAINT_LINE 70 359 80 359
PAINT_LINE 70 397 80 397
PAINT_LINE 70 434 79 434
PAINT_LINE 70 435 79 435
PAINT_LINE 70 506 96 506
PAINT_LINE 70 545 81 545
PAINT_LINE 70 566 80 566
PAINT_LINE 70 567 81 567
PAINT_LINE 70 568 81 568
PAINT_LINE 70 569 70 573
PAINT_LINE 70 659 74 659
PAINT_LINE 70 673 70 675
PAINT_LINE 70 690 75 690
PAINT_LINE 70 709 70 714
PAINT_LINE 70 724 70 726
PAINT_LINE 70 738 70 751
PAINT_LINE 70 757 70 760
PAINT_LINE 70 766 70 769
PAINT_LINE 70 779 70 786
PAINT_LINE 71 227 80 227
PAINT_LINE 71 228 80 228
PAINT_LINE 71 279 71 296
PAINT_LINE 71 324 80 324
PAINT_LINE 71 433 80 433
PAINT_LINE 71 472 81 472
PAINT_LINE 71 658 75 658
PAINT_LINE 71 691 76 691
PAINT_LINE 71 711 71 714
PAINT_LINE 71 725 71 728
PAINT_LINE 71 735 71 745
PAINT_LINE 71 748 71 751
PAINT_LINE 71 759 71 761
PAINT_LINE 71 767 71 770
PAINT_LINE 71 779 71 784
PAINT_LINE 72 13 76 13
PAINT_LINE 72 14 76 14
PAINT_LINE 72 15 76 15
PAINT_LINE 72 28 72 30
PAINT_LINE 72 54 72 56
PAINT_LINE 72 229 80 229
PAINT_LINE 72 230 80 230
PAINT_LINE 72 231 80 231
PAINT_LINE 72 232 81 232
PAINT_LINE 72 276 72 295
PAINT_LINE 72 325 81 325
PAINT_LINE 72 358 80 358
PAINT_LINE 72 398 81 398
PAINT_LINE 72 432 80 432
PAINT_LINE 72 473 81 473
PAINT_LINE 72 505 84 505
PAINT_LINE 72 546 79 546
PAINT_LINE 72 569 81 569
PAINT_LINE 72 692 78 692
PAINT_LINE 72 711 72 715
PAINT_LINE 72 725 72 734
PAINT_LINE 72 742 72 744
PAINT_LINE 72 750 72 752
PAINT_LINE 72 760 72 762
PAINT_LINE 72 768 72 771
PAINT_LINE 72 777 72 783
PAINT_LINE 73 7 73 12
PAINT_LINE 73 56 73 56
PAINT_LINE 73 84 80 84
PAINT_LINE 73 85 80 85
PAINT_LINE 73 233 81 233
PAINT_LINE 73 234 81 234
PAINT_LINE 73 273 73 294
PAINT_LINE 73 326 81 326
PAINT_LINE 73 356 81 356
PAINT_LINE 73 357 81 357
PAINT_LINE 73 399 81 399
PAINT_LINE 73 400 81 400
PAINT_LINE 73 430 81 430
PAINT_LINE 73 431 80 431
PAINT_LINE 73 474 81 474
PAINT_LINE 73 475 81 475
PAINT_LINE 73 476 81 476
PAINT_LINE 73 503 81 503
PAINT_LINE 73 504 81 504
PAINT_LINE 73 538 82 538
PAINT_LINE 73 570 81 570
PAINT_LINE 73 571 81 571
PAINT_LINE 73 572 81 572
PAINT_LINE 73 600 81 600
PAINT_LINE 73 601 81 601
PAINT_LINE 73 602 80 602
PAINT_LINE 73 603 80 603
PAINT_LINE 73 604 80 604
PAINT_LINE 73 605 80 605
PAINT_LINE 73 606 79 606
PAINT_LINE 73 657 76 657
PAINT_LINE 73 712 73 717
PAINT_LINE 73 720 73 729
PAINT_LINE 73 743 73 745
PAINT_LINE 73 751 73 753
PAINT_LINE 73 761 86 761
PAINT_LINE 73 762 81 762
PAINT_LINE 73 763 78 763
PAINT_LINE 73 769 73 777
PAINT_LINE 73 781 73 784
PAINT_LINE 74 7 74 12
PAINT_LINE 74 18 75 18
PAINT_LINE 74 76 74 81
PAINT_LINE 74 83 74 83
PAINT_LINE 74 86 74 86
PAINT_LINE 74 235 81 235
PAINT_LINE 74 236 81 236
PAINT_LINE 74 271 74 292
PAINT_LINE 74 327 81 327
PAINT_LINE 74 354 82 354
PAINT_LINE 74 355 81 355
PAINT_LINE 74 401 81 401
PAINT_LINE 74 402 81 402
PAINT_LINE 74 429 81 429
PAINT_LINE 74 477 82 477
PAINT_LINE 74 501 81 501
PAINT_LINE 74 502 81 502
PAINT_LINE 74 573 81 573
PAINT_LINE 74 597 82 597
PAINT_LINE 74 598 81 598
PAINT_LINE 74 599 81 599
PAINT_LINE 74 607 79 607
PAINT_LINE 74 655 78 655
PAINT_LINE 74 656 77 656
PAINT_LINE 74 674 74 676
PAINT_LINE 74 693 79 693
PAINT_LINE 74 713 74 721
PAINT_LINE 74 728 74 730
PAINT_LINE 74 743 74 745
PAINT_LINE 74 752 77 752
PAINT_LINE 74 753 77 753
PAINT_LINE 74 754 78 754
PAINT_LINE 74 764 78 764
PAINT_LINE 74 765 79 765
PAINT_LINE 74 766 80 766
PAINT_LINE 74 768 74 776
PAINT_LINE 74 781 74 784
PAINT_LINE 75 7 75 12
PAINT_LINE 75 27 75 30
PAINT_LINE 75 35 76 35
PAINT_LINE 75 53 75 56
PAINT_LINE 75 237 81 237
PAINT_LINE 75 238 81 238
PAINT_LINE 75 239 82 239
PAINT_LINE 75 240 82 240
PAINT_LINE 75 241 82 241
PAINT_LINE 75 267 75 291
PAINT_LINE 75 328 81 328
PAINT_LINE 75 352 82 352
PAINT_LINE 75 353 82 353
PAINT_LINE 75 403 81 403
PAINT_LINE 75 426 81 426
PAINT_LINE 75 427 81 427
PAINT_LINE 75 428 81 428
PAINT_LINE 75 478 82 478
PAINT_LINE 75 499 82 499
PAINT_LINE 75 500 81 500
PAINT_LINE 75 574 81 574
PAINT_LINE 75 594 82 594
PAINT_LINE 75 595 82 595
PAINT_LINE 75 596 81 596
PAINT_LINE 75 608 78 608
PAINT_LINE 75 609 78 609
PAINT_LINE 75 654 79 654
PAINT_LINE 75 673 75 676
PAINT_LINE 75 694 80 694
PAINT_LINE 75 714 75 719
PAINT_LINE 75 729 75 731
PAINT_LINE 75 744 75 746
PAINT_LINE 75 755 79 755
PAINT_LINE 75 767 99 767
PAINT_LINE 75 768 75 777
PAINT_LINE 75 782 86 782
PAINT_LINE 75 783 86 783
PAINT_LINE 75 784 80 784
PAINT_LINE 75 785 79 785
PAINT_LINE 75 786 79 786
PAINT_LINE 75 787 80 787
PAINT_LINE 75 788 80 788
PAINT_LINE 76 7 76 12
PAINT_LINE 76 24 76 30
PAINT_LINE 76 51 76 56
PAINT_LINE 76 242 76 289
PAINT_LINE 76 329 82 329
PAINT_LINE 76 330 82 330
PAINT_LINE 76 331 82 331
PAINT_LINE 76 332 82 332
PAINT_LINE 76 349 82 349
PAINT_LINE 76 350 82 350
PAINT_LINE 76 351 82 351
PAINT_LINE 76 404 82 404
PAINT_LINE 76 405 82 405
PAINT_LINE 76 406 82 406
PAINT_LINE 76 424 82 424
PAINT_LINE 76 425 81 425
PAINT_LINE 76 479 83 479
PAINT_LINE 76 480 83 480
PAINT_LINE 76 481 83 481
PAINT_LINE 76 482 83 482
PAINT_LINE 76 483 83 483
PAINT_LINE 76 495 83 495
PAINT_LINE 76 496 83 496
PAINT_LINE 76 497 82 497
PAINT_LINE 76 498 82 498
PAINT_LINE 76 575 82 575
PAINT_LINE 76 576 82 576
PAINT_LINE 76 577 82 577
PAINT_LINE 76 591 83 591
PAINT_LINE 76 592 82 592
PAINT_LINE 76 593 82 593
PAINT_LINE 76 610 76 611
PAINT_LINE 76 675 76 675
PAINT_LINE 76 715 76 721
PAINT_LINE 76 726 76 740
PAINT_LINE 76 744 76 748
PAINT_LINE 76 756 82 756
PAINT_LINE 76 757 85 757
PAINT_LINE 76 758 85 758
PAINT_LINE 76 759 85 759
PAINT_LINE 76 760 86 760
PAINT_LINE 76 768 76 779
PAINT_LINE 77 24 77 30
PAINT_LINE 77 51 77 56
PAINT_LINE 77 86 80 86
PAINT_LINE 77 242 77 286
PAINT_LINE 77 333 77 348
PAINT_LINE 77 407 77 423
PAINT_LINE 77 484 77 494
PAINT_LINE 77 578 77 590
PAINT_LINE 77 610 77 611
PAINT_LINE 77 653 80 653
PAINT_LINE 77 663 79 663
PAINT_LINE 77 695 82 695
PAINT_LINE 77 716 77 727
PAINT_LINE 77 730 77 735
PAINT_LINE 77 737 77 751
PAINT_LINE 77 768 77 781
PAINT_LINE 77 799 108 799
PAINT_LINE 78 51 78 55
PAINT_LINE 78 80 85 80
PAINT_LINE 78 81 78 83
PAINT_LINE 78 242 78 284
PAINT_LINE 78 333 78 348
PAINT_LINE 78 407 78 423
PAINT_LINE 78 484 78 494
PAINT_LINE 78 578 78 590
PAINT_LINE 78 652 81 652
PAINT_LINE 78 662 79 662
PAINT_LINE 78 664 78 666
PAINT_LINE 78 696 83 696
PAINT_LINE 78 716 78 716
PAINT_LINE 78 719 78 724
PAINT_LINE 78 732 78 735
PAINT_LINE 78 746 78 749
PAINT_LINE 78 775 78 781
PAINT_LINE 79 77 84 77
PAINT_LINE 79 78 82 78
PAINT_LINE 79 79 83 79
PAINT_LINE 79 81 79 83
PAINT_LINE 79 242 79 281
PAINT_LINE 79 333 79 348
PAINT_LINE 79 407 79 423
PAINT_LINE 79 484 79 494
PAINT_LINE 79 578 79 590
PAINT_LINE 79 651 82 651
PAINT_LINE 79 661 79 661
PAINT_LINE 79 664 79 665
PAINT_LINE 79 675 81 675
PAINT_LINE 79 676 80 676
PAINT_LINE 79 697 84 697
PAINT_LINE 79 720 79 726
PAINT_LINE 79 734 82 734
PAINT_LINE 79 735 83 735
PAINT_LINE 79 736 83 736
PAINT_LINE 79 747 79 749
PAINT_LINE 79 776 79 781
PAINT_LINE 80 75 84 75
PAINT_LINE 80 76 84 76
PAINT_LINE 80 83 80 83
PAINT_LINE 80 242 80 278
PAINT_LINE 80 333 80 348
PAINT_LINE 80 407 80 423
PAINT_LINE 80 484 80 494
PAINT_LINE 80 578 80 590
PAINT_LINE 80 650 84 650
PAINT_LINE 80 721 80 727
PAINT_LINE 80 737 83 737
PAINT_LINE 80 748 80 750
PAINT_LINE 80 768 100 768
PAINT_LINE 80 777 88 777
PAINT_LINE 80 778 91 778
PAINT_LINE 80 779 90 779
PAINT_LINE 80 780 90 780
PAINT_LINE 80 781 91 781
PAINT_LINE 81 81 85 81
PAINT_LINE 81 242 81 273
PAINT_LINE 81 333 81 348
PAINT_LINE 81 407 81 423
PAINT_LINE 81 484 81 494
PAINT_LINE 81 578 81 590
PAINT_LINE 81 698 86 698
PAINT_LINE 81 720 81 730
PAINT_LINE 81 738 83 738
PAINT_LINE 81 748 81 750
PAINT_LINE 81 769 92 769
PAINT_LINE 82 0 82 6
PAINT_LINE 82 66 82 74
PAINT_LINE 82 242 82 265
PAINT_LINE 82 333 82 348
PAINT_LINE 82 407 82 423
PAINT_LINE 82 484 82 494
PAINT_LINE 82 578 82 590
PAINT_LINE 82 649 85 649
PAINT_LINE 82 699 87 699
PAINT_LINE 82 720 82 733
PAINT_LINE 82 739 82 741
PAINT_LINE 82 749 85 749
PAINT_LINE 82 750 85 750
PAINT_LINE 82 751 86 751
PAINT_LINE 82 770 92 770
PAINT_LINE 82 773 88 773
PAINT_LINE 82 774 88 774
PAINT_LINE 82 775 88 775
PAINT_LINE 82 776 88 776
PAINT_LINE 83 2 83 20
PAINT_LINE 83 56 83 63
PAINT_LINE 83 67 87 67
PAINT_LINE 83 68 83 69
PAINT_LINE 83 72 87 72
PAINT_LINE 83 82 83 91
PAINT_LINE 83 248 83 249
PAINT_LINE 83 252 83 261
PAINT_LINE 83 334 83 334
PAINT_LINE 83 339 83 348
PAINT_LINE 83 407 83 418
PAINT_LINE 83 484 83 494
PAINT_LINE 83 583 83 585
PAINT_LINE 83 648 87 648
PAINT_LINE 83 726 83 733
PAINT_LINE 83 739 83 745
PAINT_LINE 83 752 88 752
PAINT_LINE 83 762 89 762
PAINT_LINE 83 771 93 771
PAINT_LINE 83 772 88 772
PAINT_LINE 83 784 86 784
PAINT_LINE 83 785 98 785
PAINT_LINE 83 786 89 786
PAINT_LINE 84 7 84 22
PAINT_LINE 84 47 84 61
PAINT_LINE 84 64 88 64
PAINT_LINE 84 65 88 65
PAINT_LINE 84 66 87 66
PAINT_LINE 84 73 84 74
PAINT_LINE 84 82 84 95
PAINT_LINE 84 647 88 647
PAINT_LINE 84 700 89 700
PAINT_LINE 84 727 84 732
PAINT_LINE 84 739 84 748
PAINT_LINE 84 753 89 753
PAINT_LINE 84 756 85 756
PAINT_LINE 84 763 89 763
PAINT_LINE 84 764 89 764
PAINT_LINE 84 765 89 765
PAINT_LINE 84 766 89 766
PAINT_LINE 84 787 84 787
PAINT_LINE 85 13 85 22
PAINT_LINE 85 41 85 63
PAINT_LINE 85 68 85 71
PAINT_LINE 85 73 85 73
PAINT_LINE 85 79 85 79
PAINT_LINE 85 82 85 85
PAINT_LINE 85 88 85 100
PAINT_LINE 85 675 85 676
PAINT_LINE 85 701 92 701
PAINT_LINE 85 729 85 733
PAINT_LINE 85 741 85 748
PAINT_LINE 85 754 89 754
PAINT_LINE 85 755 89 755
PAINT_LINE 86 6 86 17
PAINT_LINE 86 37 86 63
PAINT_LINE 86 68 86 68
PAINT_LINE 86 70 86 71
PAINT_LINE 86 90 86 103
PAINT_LINE 86 471 95 471
PAINT_LINE 86 472 96 472
PAINT_LINE 86 505 96 505
PAINT_LINE 86 646 89 646
PAINT_LINE 86 675 86 675
PAINT_LINE 86 702 93 702
PAINT_LINE 86 730 86 734
PAINT_LINE 86 742 86 745
PAINT_LINE 87 0 87 7
PAINT_LINE 87 34 87 37
PAINT_LINE 87 39 87 54
PAINT_LINE 87 62 90 62
PAINT_LINE 87 63 89 63
PAINT_LINE 87 71 153 71
PAINT_LINE 87 96 87 107
PAINT_LINE 87 464 87 470
PAINT_LINE 87 473 97 473
PAINT_LINE 87 503 97 503
PAINT_LINE 87 504 97 504
PAINT_LINE 87 645 91 645
PAINT_LINE 87 703 93 703
PAINT_LINE 87 730 87 746
PAINT_LINE 87 756 90 756
PAINT_LINE 87 788 90 788
PAINT_LINE 88 31 88 33
PAINT_LINE 88 70 89 70
PAINT_LINE 88 101 88 111
PAINT_LINE 88 460 88 470
PAINT_LINE 88 474 97 474
PAINT_LINE 88 475 97 475
PAINT_LINE 88 501 97 501
PAINT_LINE 88 502 97 502
PAINT_LINE 88 644 92 644
PAINT_LINE 88 727 88 751
PAINT_LINE 88 757 93 757
PAINT_LINE 88 758 93 758
PAINT_LINE 88 759 93 759
PAINT_LINE 88 782 95 782
PAINT_LINE 88 783 95 783
PAINT_LINE 88 784 98 784
PAINT_LINE 88 787 89 787
PAINT_LINE 88 789 88 789
PAINT_LINE 89 27 89 30
PAINT_LINE 89 61 90 61
PAINT_LINE 89 72 89 72
PAINT_LINE 89 105 89 113
PAINT_LINE 89 460 89 470
PAINT_LINE 89 476 97 476
PAINT_LINE 89 499 97 499
PAINT_LINE 89 500 97 500
PAINT_LINE 89 659 89 660
PAINT_LINE 89 670 89 672
PAINT_LINE 89 674 89 675
PAINT_LINE 89 685 89 687
PAINT_LINE 89 704 99 704
PAINT_LINE 89 734 89 738
PAINT_LINE 89 746 89 749
PAINT_LINE 89 760 93 760
PAINT_LINE 89 761 93 761
PAINT_LINE 89 794 94 794
PAINT_LINE 90 22 90 28
PAINT_LINE 90 58 93 58
PAINT_LINE 90 59 92 59
PAINT_LINE 90 60 91 60
PAINT_LINE 90 108 90 116
PAINT_LINE 90 459 90 470
PAINT_LINE 90 477 97 477
PAINT_LINE 90 478 97 478
PAINT_LINE 90 479 98 479
PAINT_LINE 90 480 98 480
PAINT_LINE 90 481 98 481
PAINT_LINE 90 497 98 497
PAINT_LINE 90 498 97 498
PAINT_LINE 90 643 99 643
PAINT_LINE 90 675 90 675
PAINT_LINE 90 705 98 705
PAINT_LINE 90 735 90 740
PAINT_LINE 90 747 90 749
PAINT_LINE 90 772 95 772
PAINT_LINE 90 773 96 773
PAINT_LINE 90 776 90 777
PAINT_LINE 91 20 100 20
PAINT_LINE 91 21 91 23
PAINT_LINE 91 57 94 57
PAINT_LINE 91 72 153 72
PAINT_LINE 91 112 91 117
PAINT_LINE 91 461 91 470
PAINT_LINE 91 482 91 496
PAINT_LINE 91 642 98 642
PAINT_LINE 91 706 98 706
PAINT_LINE 91 736 91 741
PAINT_LINE 91 748 91 750
PAINT_LINE 91 762 91 766
PAINT_LINE 91 774 96 774
PAINT_LINE 91 775 96 775
PAINT_LINE 91 776 91 777
PAINT_LINE 92 19 100 19
PAINT_LINE 92 21 92 22
PAINT_LINE 92 56 95 56
PAINT_LINE 92 114 92 119
PAINT_LINE 92 462 92 470
PAINT_LINE 92 482 92 496
PAINT_LINE 92 699 92 700
PAINT_LINE 92 707 98 707
PAINT_LINE 92 738 92 743
PAINT_LINE 92 746 92 756
PAINT_LINE 92 762 92 766
PAINT_LINE 92 786 99 786
PAINT_LINE 92 787 99 787
PAINT_LINE 92 788 93 788
PAINT_LINE 93 18 100 18
PAINT_LINE 93 21 93 21
PAINT_LINE 93 55 96 55
PAINT_LINE 93 73 93 79
PAINT_LINE 93 82 94 82
PAINT_LINE 93 116 93 121
PAINT_LINE 93 464 93 470
PAINT_LINE 93 482 93 496
PAINT_LINE 93 641 98 641
PAINT_LINE 93 708 97 708
PAINT_LINE 93 737 93 756
PAINT_LINE 93 762 93 766
PAINT_LINE 93 776 98 776
PAINT_LINE 93 789 93 789
PAINT_LINE 94 15 100 15
PAINT_LINE 94 16 99 16
PAINT_LINE 94 17 99 17
PAINT_LINE 94 35 96 35
PAINT_LINE 94 36 95 36
PAINT_LINE 94 54 97 54
PAINT_LINE 94 69 94 70
PAINT_LINE 94 73 94 81
PAINT_LINE 94 83 94 90
PAINT_LINE 94 117 94 122
PAINT_LINE 94 214 103 214
PAINT_LINE 94 215 94 220
PAINT_LINE 94 223 102 223
PAINT_LINE 94 224 94 230
PAINT_LINE 94 465 94 470
PAINT_LINE 94 482 94 496
PAINT_LINE 94 640 97 640
PAINT_LINE 94 675 96 675
PAINT_LINE 94 676 96 676
PAINT_LINE 94 709 96 709
PAINT_LINE 94 733 94 745
PAINT_LINE 94 749 94 754
PAINT_LINE 94 763 94 766
PAINT_LINE 94 769 100 769
PAINT_LINE 94 777 99 777
PAINT_LINE 94 778 99 778
PAINT_LINE 94 779 94 781
PAINT_LINE 95 13 100 13
PAINT_LINE 95 14 100 14
PAINT_LINE 95 21 100 21
PAINT_LINE 95 32 95 34
PAINT_LINE 95 52 100 52
PAINT_LINE 95 53 99 53
PAINT_LINE 95 68 95 70
PAINT_LINE 95 84 95 95
PAINT_LINE 95 120 95 124
PAINT_LINE 95 212 100 212
PAINT_LINE 95 213 101 213
PAINT_LINE 95 215 95 215
PAINT_LINE 95 218 95 222
PAINT_LINE 95 224 96 224
PAINT_LINE 95 227 95 231
PAINT_LINE 95 288 95 290
PAINT_LINE 95 406 103 406
PAINT_LINE 95 409 95 423
PAINT_LINE 95 467 95 470
PAINT_LINE 95 482 95 496
PAINT_LINE 95 674 96 674
PAINT_LINE 95 677 95 679
PAINT_LINE 95 684 95 687
PAINT_LINE 95 694 95 697
PAINT_LINE 95 702 95 703
PAINT_LINE 95 742 95 745
PAINT_LINE 95 751 95 755
PAINT_LINE 95 763 95 766
PAINT_LINE 95 770 95 771
PAINT_LINE 95 779 95 781
PAINT_LINE 96 12 100 12
PAINT_LINE 96 22 96 34
PAINT_LINE 96 46 96 51
PAINT_LINE 96 67 96 68
PAINT_LINE 96 70 99 70
PAINT_LINE 96 91 96 99
PAINT_LINE 96 122 96 125
PAINT_LINE 96 219 96 222
PAINT_LINE 96 228 96 232
PAINT_LINE 96 284 96 297
PAINT_LINE 96 307 96 310
PAINT_LINE 96 317 96 319
PAINT_LINE 96 329 96 332
PAINT_LINE 96 351 96 361
PAINT_LINE 96 404 99 404
PAINT_LINE 96 405 100 405
PAINT_LINE 96 408 102 408
PAINT_LINE 96 409 96 413
PAINT_LINE 96 482 96 496
PAINT_LINE 96 644 96 644
PAINT_LINE 96 673 96 673
PAINT_LINE 96 677 96 677
PAINT_LINE 96 743 96 746
PAINT_LINE 96 751 96 766
PAINT_LINE 96 770 96 770
PAINT_LINE 96 788 99 788
PAINT_LINE 96 794 106 794
PAINT_LINE 97 11 100 11
PAINT_LINE 97 22 97 29
PAINT_LINE 97 47 97 51
PAINT_LINE 97 66 97 67
PAINT_LINE 97 95 97 104
PAINT_LINE 97 123 97 128
PAINT_LINE 97 211 100 211
PAINT_LINE 97 215 104 215
PAINT_LINE 97 220 97 222
PAINT_LINE 97 228 97 233
PAINT_LINE 97 284 97 287
PAINT_LINE 97 306 103 306
PAINT_LINE 97 307 99 307
PAINT_LINE 97 308 98 308
PAINT_LINE 97 313 97 322
PAINT_LINE 97 329 97 333
PAINT_LINE 97 350 97 353
PAINT_LINE 97 407 103 407
PAINT_LINE 97 409 97 420
PAINT_LINE 97 482 97 496
PAINT_LINE 97 691 97 693
PAINT_LINE 97 742 97 762
PAINT_LINE 97 764 97 766
PAINT_LINE 97 779 100 779
PAINT_LINE 97 782 97 783
PAINT_LINE 98 9 101 9
PAINT_LINE 98 10 100 10
PAINT_LINE 98 22 98 27
PAINT_LINE 98 48 98 51
PAINT_LINE 98 64 98 66
PAINT_LINE 98 99 98 106
PAINT_LINE 98 125 98 129
PAINT_LINE 98 208 109 208
PAINT_LINE 98 209 111 209
PAINT_LINE 98 210 99 210
PAINT_LINE 98 216 107 216
PAINT_LINE 98 221 98 222
PAINT_LINE 98 224 104 224
PAINT_LINE 98 230 98 233
PAINT_LINE 98 284 98 288
PAINT_LINE 98 305 103 305
PAINT_LINE 98 312 98 312
PAINT_LINE 98 318 103 318
PAINT_LINE 98 319 103 319
PAINT_LINE 98 320 103 320
PAINT_LINE 98 321 98 322
PAINT_LINE 98 330 103 330
PAINT_LINE 98 331 103 331
PAINT_LINE 98 332 103 332
PAINT_LINE 98 333 102 333
PAINT_LINE 98 341 102 341
PAINT_LINE 98 350 98 353
PAINT_LINE 98 410 98 411
PAINT_LINE 98 418 98 423
PAINT_LINE 98 482 98 496
PAINT_LINE 98 644 100 644
PAINT_LINE 98 645 100 645
PAINT_LINE 98 690 98 692
PAINT_LINE 98 702 100 702
PAINT_LINE 98 703 99 703
PAINT_LINE 98 738 98 747
PAINT_LINE 98 754 98 759
PAINT_LINE 98 765 98 766
PAINT_LINE 98 770 98 775
PAINT_LINE 98 780 98 783
PAINT_LINE 99 7 103 7
PAINT_LINE 99 8 102 8
PAINT_LINE 99 22 99 24
PAINT_LINE 99 49 108 49
PAINT_LINE 99 50 104 50
PAINT_LINE 99 51 102 51
PAINT_LINE 99 64 99 65
PAINT_LINE 99 73 104 73
PAINT_LINE 99 104 99 108
PAINT_LINE 99 126 99 131
PAINT_LINE 99 206 103 206
PAINT_LINE 99 207 105 207
PAINT_LINE 99 222 100 222
PAINT_LINE 99 225 105 225
PAINT_LINE 99 230 99 234
PAINT_LINE 99 285 99 295
PAINT_LINE 99 321 99 321
PAINT_LINE 99 334 101 334
PAINT_LINE 99 339 101 339
PAINT_LINE 99 340 102 340
PAINT_LINE 99 342 102 342
PAINT_LINE 99 351 99 364
PAINT_LINE 99 378 102 378
PAINT_LINE 99 379 103 379
PAINT_LINE 99 380 99 380
PAINT_LINE 99 388 99 395
PAINT_LINE 99 420 99 423
PAINT_LINE 99 646 101 646
PAINT_LINE 99 647 101 647
PAINT_LINE 99 701 100 701
PAINT_LINE 99 737 99 738
PAINT_LINE 99 744 99 747
PAINT_LINE 99 756 99 766
PAINT_LINE 99 770 99 772
PAINT_LINE 99 780 100 780
PAINT_LINE 100 6 104 6
PAINT_LINE 100 63 102 63
PAINT_LINE 100 64 100 64
PAINT_LINE 100 106 100 111
PAINT_LINE 100 128 100 132
PAINT_LINE 100 205 102 205
PAINT_LINE 100 226 108 226
PAINT_LINE 100 231 100 234
PAINT_LINE 100 293 100 297
PAINT_LINE 100 316 103 316
PAINT_LINE 100 317 103 317
PAINT_LINE 100 338 101 338
PAINT_LINE 100 343 100 345
PAINT_LINE 100 362 100 366
PAINT_LINE 100 372 100 377
PAINT_LINE 100 389 100 395
PAINT_LINE 100 422 102 422
PAINT_LINE 100 423 101 423
PAINT_LINE 100 648 100 650
PAINT_LINE 100 698 100 700
PAINT_LINE 100 745 100 748
PAINT_LINE 100 754 100 762
PAINT_LINE 100 770 100 771
PAINT_LINE 101 5 105 5
PAINT_LINE 101 62 103 62
PAINT_LINE 101 70 108 70
PAINT_LINE 101 107 101 112
PAINT_LINE 101 129 101 133
PAINT_LINE 101 217 108 217
PAINT_LINE 101 232 101 235
PAINT_LINE 101 238 101 241
PAINT_LINE 101 293 101 298
PAINT_LINE 101 307 104 307
PAINT_LINE 101 314 103 314
PAINT_LINE 101 315 103 315
PAINT_LINE 101 337 101 337
PAINT_LINE 101 343 101 343
PAINT_LINE 101 362 101 367
PAINT_LINE 101 373 101 377
PAINT_LINE 101 388 101 396
PAINT_LINE 101 411 101 413
PAINT_LINE 101 421 102 421
PAINT_LINE 101 648 101 656
PAINT_LINE 101 692 101 700
PAINT_LINE 101 745 101 759
PAINT_LINE 102 4 107 4
PAINT_LINE 102 48 113 48
PAINT_LINE 102 74 102 77
PAINT_LINE 102 108 102 113
PAINT_LINE 102 130 102 134
PAINT_LINE 102 218 113 218
PAINT_LINE 102 227 113 227
PAINT_LINE 102 232 102 242
PAINT_LINE 102 285 102 286
PAINT_LINE 102 293 102 298
PAINT_LINE 102 312 102 313
PAINT_LINE 102 321 102 325
PAINT_LINE 102 329 104 329
PAINT_LINE 102 354 108 354
PAINT_LINE 102 362 102 366
PAINT_LINE 102 372 102 375
PAINT_LINE 102 377 102 377
PAINT_LINE 102 380 102 382
PAINT_LINE 102 389 102 392
PAINT_LINE 102 394 102 395
PAINT_LINE 102 410 102 420
PAINT_LINE 102 443 102 447
PAINT_LINE 102 649 102 664
PAINT_LINE 102 667 102 680
PAINT_LINE 102 682 102 683
PAINT_LINE 102 685 102 695
PAINT_LINE 102 697 102 697
PAINT_LINE 102 744 102 751
PAINT_LINE 102 755 102 760
PAINT_LINE 103 61 105 61
PAINT_LINE 103 69 104 69
PAINT_LINE 103 74 103 79
PAINT_LINE 103 110 103 114
PAINT_LINE 103 131 103 135
PAINT_LINE 103 233 103 243
PAINT_LINE 103 284 103 295
PAINT_LINE 103 308 104 308
PAINT_LINE 103 312 103 313
PAINT_LINE 103 321 103 323
PAINT_LINE 103 353 108 353
PAINT_LINE 103 355 103 364
PAINT_LINE 103 372 103 374
PAINT_LINE 103 380 103 380
PAINT_LINE 103 414 103 419
PAINT_LINE 103 441 103 448
PAINT_LINE 103 657 103 691
PAINT_LINE 103 744 103 750
PAINT_LINE 103 756 103 760
PAINT_LINE 104 3 108 3
PAINT_LINE 104 60 107 60
PAINT_LINE 104 68 105 68
PAINT_LINE 104 76 104 86
PAINT_LINE 104 112 104 116
PAINT_LINE 104 132 104 136
PAINT_LINE 104 228 118 228
PAINT_LINE 104 233 104 236
PAINT_LINE 104 240 104 243
PAINT_LINE 104 287 104 292
PAINT_LINE 104 439 104 448
PAINT_LINE 104 748 104 750
PAINT_LINE 105 2 112 2
PAINT_LINE 105 47 154 47
PAINT_LINE 105 59 109 59
PAINT_LINE 105 67 106 67
PAINT_LINE 105 82 105 89
PAINT_LINE 105 114 105 118
PAINT_LINE 105 133 105 137
PAINT_LINE 105 210 117 210
PAINT_LINE 105 234 105 237
PAINT_LINE 105 241 105 244
PAINT_LINE 105 347 105 352
PAINT_LINE 105 355 107 355
PAINT_LINE 105 435 105 447
PAINT_LINE 106 1 130 1
PAINT_LINE 106 46 154 46
PAINT_LINE 106 50 106 50
PAINT_LINE 106 58 110 58
PAINT_LINE 106 66 107 66
PAINT_LINE 106 85 106 91
PAINT_LINE 106 115 106 119
PAINT_LINE 106 133 106 137
PAINT_LINE 106 211 121 211
PAINT_LINE 106 219 115 219
PAINT_LINE 106 229 120 229
PAINT_LINE 106 234 106 237
PAINT_LINE 106 242 106 245
PAINT_LINE 106 346 106 352
PAINT_LINE 106 436 106 445
PAINT_LINE 107 0 127 0
PAINT_LINE 107 36 107 38
PAINT_LINE 107 57 134 57
PAINT_LINE 107 65 109 65
PAINT_LINE 107 89 107 95
PAINT_LINE 107 117 107 120
PAINT_LINE 107 133 107 138
PAINT_LINE 107 230 110 230
PAINT_LINE 107 235 107 238
PAINT_LINE 107 243 107 247
PAINT_LINE 107 341 107 352
PAINT_LINE 107 429 107 431
PAINT_LINE 107 437 107 440
PAINT_LINE 108 37 108 39
PAINT_LINE 108 64 112 64
PAINT_LINE 108 73 108 73
PAINT_LINE 108 92 108 96
PAINT_LINE 108 118 108 121
PAINT_LINE 108 134 108 139
PAINT_LINE 108 212 138 212
PAINT_LINE 108 220 119 220
PAINT_LINE 108 235 108 238
PAINT_LINE 108 243 108 247
PAINT_LINE 108 341 108 352
PAINT_LINE 109 38 109 40
PAINT_LINE 109 63 118 63
PAINT_LINE 109 93 109 98
PAINT_LINE 109 119 109 122
PAINT_LINE 109 135 109 139
PAINT_LINE 109 213 110 213
PAINT_LINE 109 235 109 238
PAINT_LINE 109 244 109 248
PAINT_LINE 109 337 109 338
PAINT_LINE 109 342 109 351
PAINT_LINE 110 3 110 3
PAINT_LINE 110 39 110 43
PAINT_LINE 110 73 110 77
PAINT_LINE 110 95 110 99
PAINT_LINE 110 120 110 123
PAINT_LINE 110 136 110 140
PAINT_LINE 110 217 111 217
PAINT_LINE 110 221 124 221
PAINT_LINE 110 236 117 236
PAINT_LINE 110 237 118 237
PAINT_LINE 110 238 121 238
PAINT_LINE 110 244 110 248
PAINT_LINE 110 262 110 267
PAINT_LINE 110 316 117 316
PAINT_LINE 110 323 110 328
PAINT_LINE 110 335 110 337
PAINT_LINE 110 343 110 345
PAINT_LINE 110 360 110 370
PAINT_LINE 110 406 118 406
PAINT_LINE 110 407 118 407
PAINT_LINE 110 408 118 408
PAINT_LINE 110 412 110 427
PAINT_LINE 110 644 110 668
PAINT_LINE 111 40 111 45
PAINT_LINE 111 70 114 70
PAINT_LINE 111 73 111 81
PAINT_LINE 111 96 111 99
PAINT_LINE 111 120 111 123
PAINT_LINE 111 137 111 141
PAINT_LINE 111 235 112 235
PAINT_LINE 111 245 111 251
PAINT_LINE 111 255 111 267
PAINT_LINE 111 313 111 315
PAINT_LINE 111 317 114 317
PAINT_LINE 111 322 111 324
PAINT_LINE 111 326 111 331
PAINT_LINE 111 335 111 335
PAINT_LINE 111 359 111 362
PAINT_LINE 111 409 117 409
PAINT_LINE 111 412 111 426
PAINT_LINE 111 637 111 638
PAINT_LINE 111 640 111 674
PAINT_LINE 112 41 112 45
PAINT_LINE 112 58 112 58
PAINT_LINE 112 62 123 62
PAINT_LINE 112 69 114 69
PAINT_LINE 112 73 113 73
PAINT_LINE 112 79 112 83
PAINT_LINE 112 96 112 100
PAINT_LINE 112 121 112 123
PAINT_LINE 112 137 112 141
PAINT_LINE 112 213 143 213
PAINT_LINE 112 230 121 230
PAINT_LINE 112 245 112 266
PAINT_LINE 112 312 112 315
PAINT_LINE 112 321 117 321
PAINT_LINE 112 322 112 323
PAINT_LINE 112 328 112 332
PAINT_LINE 112 358 112 369
PAINT_LINE 112 411 112 424
PAINT_LINE 112 634 112 642
PAINT_LINE 112 667 112 677
PAINT_LINE 113 42 113 45
PAINT_LINE 113 56 130 56
PAINT_LINE 113 82 113 85
PAINT_LINE 113 97 113 101
PAINT_LINE 113 121 113 123
PAINT_LINE 113 138 113 141
PAINT_LINE 113 231 114 231
PAINT_LINE 113 246 113 254
PAINT_LINE 113 258 113 262
PAINT_LINE 113 313 113 315
PAINT_LINE 113 319 116 319
PAINT_LINE 113 320 117 320
PAINT_LINE 113 330 113 334
PAINT_LINE 113 347 113 350
PAINT_LINE 113 359 113 371
PAINT_LINE 113 390 113 398
PAINT_LINE 113 405 113 405
PAINT_LINE 113 412 113 426
PAINT_LINE 113 628 113 635
PAINT_LINE 113 671 113 681
PAINT_LINE 114 2 132 2
PAINT_LINE 114 43 114 45
PAINT_LINE 114 58 117 58
PAINT_LINE 114 68 119 68
PAINT_LINE 114 83 114 86
PAINT_LINE 114 98 114 102
PAINT_LINE 114 122 114 123
PAINT_LINE 114 139 114 142
PAINT_LINE 114 239 121 239
PAINT_LINE 114 248 114 255
PAINT_LINE 114 257 114 260
PAINT_LINE 114 314 118 314
PAINT_LINE 114 315 118 315
PAINT_LINE 114 318 115 318
PAINT_LINE 114 331 114 334
PAINT_LINE 114 346 114 353
PAINT_LINE 114 369 114 372
PAINT_LINE 114 376 114 378
PAINT_LINE 114 381 114 384
PAINT_LINE 114 390 114 398
PAINT_LINE 114 424 118 424
PAINT_LINE 114 425 118 425
PAINT_LINE 114 426 117 426
PAINT_LINE 114 427 117 427
PAINT_LINE 114 625 114 630
PAINT_LINE 114 640 114 664
PAINT_LINE 114 677 114 684
PAINT_LINE 115 44 121 44
PAINT_LINE 115 45 153 45
PAINT_LINE 115 48 121 48
PAINT_LINE 115 67 123 67
PAINT_LINE 115 73 115 73
PAINT_LINE 115 85 115 87
PAINT_LINE 115 99 115 102
PAINT_LINE 115 123 129 123
PAINT_LINE 115 124 129 124
PAINT_LINE 115 139 115 142
PAINT_LINE 115 214 144 214
PAINT_LINE 115 222 115 222
PAINT_LINE 115 227 116 227
PAINT_LINE 115 247 115 258
PAINT_LINE 115 331 115 334
PAINT_LINE 115 344 115 354
PAINT_LINE 115 370 115 373
PAINT_LINE 115 377 115 384
PAINT_LINE 115 389 115 398
PAINT_LINE 115 622 115 626
PAINT_LINE 115 634 115 642
PAINT_LINE 115 656 115 662
PAINT_LINE 115 664 115 670
PAINT_LINE 115 681 115 686
PAINT_LINE 116 55 125 55
PAINT_LINE 116 66 120 66
PAINT_LINE 116 86 116 88
PAINT_LINE 116 100 120 100
PAINT_LINE 116 101 123 101
PAINT_LINE 116 102 122 102
PAINT_LINE 116 103 116 103
PAINT_LINE 116 122 117 122
PAINT_LINE 116 125 117 125
PAINT_LINE 116 139 116 142
PAINT_LINE 116 231 123 231
PAINT_LINE 116 248 116 254
PAINT_LINE 116 317 117 317
PAINT_LINE 116 322 118 322
PAINT_LINE 116 330 116 334
PAINT_LINE 116 346 116 351
PAINT_LINE 116 370 116 372
PAINT_LINE 116 378 116 385
PAINT_LINE 116 390 116 396
PAINT_LINE 116 405 117 405
PAINT_LINE 116 412 116 415
PAINT_LINE 116 428 116 428
PAINT_LINE 116 498 117 498
PAINT_LINE 116 620 116 624
PAINT_LINE 116 631 116 635
PAINT_LINE 116 655 116 658
PAINT_LINE 116 666 116 673
PAINT_LINE 116 683 116 690
PAINT_LINE 117 87 117 88
PAINT_LINE 117 140 133 140
PAINT_LINE 117 141 131 141
PAINT_LINE 117 142 129 142
PAINT_LINE 117 207 117 209
PAINT_LINE 117 219 118 219
PAINT_LINE 117 232 117 232
PAINT_LINE 117 249 117 253
PAINT_LINE 117 323 117 332
PAINT_LINE 117 348 117 348
PAINT_LINE 117 359 117 372
PAINT_LINE 117 377 117 386
PAINT_LINE 117 412 117 418
PAINT_LINE 117 422 117 423
PAINT_LINE 117 494 131 494
PAINT_LINE 117 495 122 495
PAINT_LINE 117 496 117 497
PAINT_LINE 117 499 132 499
PAINT_LINE 117 618 117 622
PAINT_LINE 117 630 117 634
PAINT_LINE 117 652 117 655
PAINT_LINE 117 665 117 676
PAINT_LINE 117 684 117 692
PAINT_LINE 118 65 119 65
PAINT_LINE 118 70 127 70
PAINT_LINE 118 88 123 88
PAINT_LINE 118 103 119 103
PAINT_LINE 118 139 134 139
PAINT_LINE 118 143 120 143
PAINT_LINE 118 201 118 208
PAINT_LINE 118 248 118 252
PAINT_LINE 118 323 118 330
PAINT_LINE 118 359 118 370
PAINT_LINE 118 377 118 378
PAINT_LINE 118 384 118 386
PAINT_LINE 118 413 118 423
PAINT_LINE 118 491 127 491
PAINT_LINE 118 492 132 492
PAINT_LINE 118 493 132 493
PAINT_LINE 118 500 132 500
PAINT_LINE 118 615 118 619
PAINT_LINE 118 629 118 634
PAINT_LINE 118 663 121 663
PAINT_LINE 118 664 118 665
PAINT_LINE 118 671 118 680
PAINT_LINE 118 686 118 694
PAINT_LINE 119 83 119 87
PAINT_LINE 119 89 119 99
PAINT_LINE 119 104 119 122
PAINT_LINE 119 125 119 138
PAINT_LINE 119 144 119 153
PAINT_LINE 119 194 128 194
PAINT_LINE 119 195 119 201
PAINT_LINE 119 215 123 215
PAINT_LINE 119 222 124 222
PAINT_LINE 119 232 123 232
PAINT_LINE 119 249 119 252
PAINT_LINE 119 417 119 418
PAINT_LINE 119 489 125 489
PAINT_LINE 119 490 121 490
PAINT_LINE 119 498 132 498
PAINT_LINE 119 501 126 501
PAINT_LINE 119 613 119 617
PAINT_LINE 119 625 119 635
PAINT_LINE 119 648 119 649
PAINT_LINE 119 661 121 661
PAINT_LINE 119 662 121 662
PAINT_LINE 119 672 119 681
PAINT_LINE 119 687 119 695
PAINT_LINE 120 63 127 63
PAINT_LINE 120 82 120 82
PAINT_LINE 120 84 120 84
PAINT_LINE 120 87 120 87
PAINT_LINE 120 89 120 90
PAINT_LINE 120 95 120 95
PAINT_LINE 120 98 120 99
PAINT_LINE 120 105 120 107
PAINT_LINE 120 109 120 117
PAINT_LINE 120 120 120 121
PAINT_LINE 120 125 120 138
PAINT_LINE 120 144 120 144
PAINT_LINE 120 147 120 150
PAINT_LINE 120 152 120 153
PAINT_LINE 120 178 131 178
PAINT_LINE 120 179 131 179
PAINT_LINE 120 180 131 180
PAINT_LINE 120 181 131 181
PAINT_LINE 120 182 131 182
PAINT_LINE 120 183 130 183
PAINT_LINE 120 184 130 184
PAINT_LINE 120 185 130 185
PAINT_LINE 120 186 129 186
PAINT_LINE 120 187 129 187
PAINT_LINE 120 191 127 191
PAINT_LINE 120 192 127 192
PAINT_LINE 120 193 128 193
PAINT_LINE 120 195 120 198
PAINT_LINE 120 233 121 233
PAINT_LINE 120 250 120 253
PAINT_LINE 120 488 136 488
PAINT_LINE 120 502 120 507
PAINT_LINE 120 612 120 615
PAINT_LINE 120 624 120 626
PAINT_LINE 120 629 120 636
PAINT_LINE 120 649 120 651
PAINT_LINE 120 655 120 657
PAINT_LINE 120 660 121 660
PAINT_LINE 120 664 120 664
PAINT_LINE 120 674 122 674
PAINT_LINE 120 675 122 675
PAINT_LINE 120 678 120 683
PAINT_LINE 120 689 120 697
PAINT_LINE 121 58 135 58
PAINT_LINE 121 61 122 61
PAINT_LINE 121 68 125 68
PAINT_LINE 121 169 121 177
PAINT_LINE 121 188 129 188
PAINT_LINE 121 189 129 189
PAINT_LINE 121 190 128 190
PAINT_LINE 121 220 121 220
PAINT_LINE 121 240 121 240
PAINT_LINE 121 249 121 253
PAINT_LINE 121 502 121 508
PAINT_LINE 121 611 121 614
PAINT_LINE 121 624 121 626
PAINT_LINE 121 634 121 639
PAINT_LINE 121 650 121 652
PAINT_LINE 121 655 121 659
PAINT_LINE 121 673 122 673
PAINT_LINE 121 676 122 676
PAINT_LINE 121 679 121 683
PAINT_LINE 121 692 121 697
PAINT_LINE 121 797 121 799
PAINT_LINE 122 66 122 66
PAINT_LINE 122 73 129 73
PAINT_LINE 122 87 124 87
PAINT_LINE 122 100 125 100
PAINT_LINE 122 143 122 143
PAINT_LINE 122 168 122 177
PAINT_LINE 122 223 124 223
PAINT_LINE 122 250 122 253
PAINT_LINE 122 487 136 487
PAINT_LINE 122 502 125 502
PAINT_LINE 122 503 122 504
PAINT_LINE 122 506 122 508
PAINT_LINE 122 610 122 612
PAINT_LINE 122 617 122 622
PAINT_LINE 122 624 122 627
PAINT_LINE 122 636 122 640
PAINT_LINE 122 650 122 652
PAINT_LINE 122 670 122 672
PAINT_LINE 122 677 122 685
PAINT_LINE 122 693 122 698
PAINT_LINE 122 794 122 797
PAINT_LINE 123 3 134 3
PAINT_LINE 123 4 135 4
PAINT_LINE 123 44 124 44
PAINT_LINE 123 48 123 48
PAINT_LINE 123 64 129 64
PAINT_LINE 123 69 126 69
PAINT_LINE 123 125 123 125
PAINT_LINE 123 168 123 177
PAINT_LINE 123 211 136 211
PAINT_LINE 123 250 123 253
PAINT_LINE 123 486 125 486
PAINT_LINE 123 503 123 503
PAINT_LINE 123 506 123 508
PAINT_LINE 123 609 123 611
PAINT_LINE 123 615 128 615
PAINT_LINE 123 616 128 616
PAINT_LINE 123 617 125 617
PAINT_LINE 123 618 123 618
PAINT_LINE 123 626 123 628
PAINT_LINE 123 638 123 642
PAINT_LINE 123 650 123 652
PAINT_LINE 123 667 123 671
PAINT_LINE 123 682 123 687
PAINT_LINE 123 694 123 700
PAINT_LINE 123 789 123 794
PAINT_LINE 124 5 136 5
PAINT_LINE 124 6 137 6
PAINT_LINE 124 86 125 86
PAINT_LINE 124 99 126 99
PAINT_LINE 124 143 124 143
PAINT_LINE 124 168 124 177
PAINT_LINE 124 251 124 254
PAINT_LINE 124 357 124 367
PAINT_LINE 124 406 124 418
PAINT_LINE 124 507 135 507
PAINT_LINE 124 508 125 508
PAINT_LINE 124 607 124 609
PAINT_LINE 124 614 127 614
PAINT_LINE 124 627 124 629
PAINT_LINE 124 637 124 641
PAINT_LINE 124 665 124 667
PAINT_LINE 124 683 124 690
PAINT_LINE 124 695 124 701
PAINT_LINE 124 787 124 788
PAINT_LINE 125 7 138 7
PAINT_LINE 125 8 139 8
PAINT_LINE 125 65 131 65
PAINT_LINE 125 84 125 85
PAINT_LINE 125 98 129 98
PAINT_LINE 125 166 125 177
PAINT_LINE 125 195 128 195
PAINT_LINE 125 204 125 210
PAINT_LINE 125 250 125 255
PAINT_LINE 125 355 125 366
PAINT_LINE 125 406 125 411
PAINT_LINE 125 506 128 506
PAINT_LINE 125 606 125 608
PAINT_LINE 125 613 128 613
PAINT_LINE 125 628 125 630
PAINT_LINE 125 637 125 641
PAINT_LINE 125 681 125 683
PAINT_LINE 125 686 125 691
PAINT_LINE 125 697 125 702
PAINT_LINE 125 785 125 786
PAINT_LINE 125 799 131 799
PAINT_LINE 126 9 139 9
PAINT_LINE 126 44 153 44
PAINT_LINE 126 82 126 83
PAINT_LINE 126 97 128 97
PAINT_LINE 126 122 132 122
PAINT_LINE 126 143 126 143
PAINT_LINE 126 164 126 177
PAINT_LINE 126 196 128 196
PAINT_LINE 126 199 126 209
PAINT_LINE 126 251 126 255
PAINT_LINE 126 354 126 366
PAINT_LINE 126 406 126 416
PAINT_LINE 126 604 130 604
PAINT_LINE 126 605 129 605
PAINT_LINE 126 606 126 607
PAINT_LINE 126 629 126 631
PAINT_LINE 126 640 126 642
PAINT_LINE 126 653 126 657
PAINT_LINE 126 660 126 660
PAINT_LINE 126 680 126 681
PAINT_LINE 126 687 126 692
PAINT_LINE 126 698 126 703
PAINT_LINE 126 781 126 784
PAINT_LINE 127 10 140 10
PAINT_LINE 127 11 140 11
PAINT_LINE 127 43 134 43
PAINT_LINE 127 59 136 59
PAINT_LINE 127 78 127 81
PAINT_LINE 127 96 128 96
PAINT_LINE 127 121 133 121
PAINT_LINE 127 138 135 138
PAINT_LINE 127 164 127 177
PAINT_LINE 127 197 127 204
PAINT_LINE 127 215 157 215
PAINT_LINE 127 251 127 255
PAINT_LINE 127 355 127 369
PAINT_LINE 127 406 127 406
PAINT_LINE 127 411 127 419
PAINT_LINE 127 508 127 508
PAINT_LINE 127 603 130 603
PAINT_LINE 127 606 127 606
PAINT_LINE 127 612 129 612
PAINT_LINE 127 617 128 617
PAINT_LINE 127 632 127 633
PAINT_LINE 127 641 127 647
PAINT_LINE 127 654 127 657
PAINT_LINE 127 679 127 680
PAINT_LINE 127 688 133 688
PAINT_LINE 127 689 133 689
PAINT_LINE 127 690 133 690
PAINT_LINE 127 691 132 691
PAINT_LINE 127 692 132 692
PAINT_LINE 127 693 129 693
PAINT_LINE 127 699 127 704
PAINT_LINE 127 780 127 783
PAINT_LINE 127 794 127 798
PAINT_LINE 128 12 141 12
PAINT_LINE 128 74 128 78
PAINT_LINE 128 89 128 95
PAINT_LINE 128 99 128 120
PAINT_LINE 128 125 128 137
PAINT_LINE 128 143 128 153
PAINT_LINE 128 164 128 177
PAINT_LINE 128 197 128 200
PAINT_LINE 128 252 143 252
PAINT_LINE 128 253 140 253
PAINT_LINE 128 254 139 254
PAINT_LINE 128 255 137 255
PAINT_LINE 128 256 132 256
PAINT_LINE 128 367 128 370
PAINT_LINE 128 376 131 376
PAINT_LINE 128 379 128 383
PAINT_LINE 128 416 128 420
PAINT_LINE 128 489 136 489
PAINT_LINE 128 501 130 501
PAINT_LINE 128 602 131 602
PAINT_LINE 128 610 131 610
PAINT_LINE 128 611 130 611
PAINT_LINE 128 627 128 628
PAINT_LINE 128 633 128 634
PAINT_LINE 128 645 128 648
PAINT_LINE 128 657 131 657
PAINT_LINE 128 658 133 658
PAINT_LINE 128 678 128 679
PAINT_LINE 128 700 128 706
PAINT_LINE 128 778 128 798
PAINT_LINE 129 0 129 0
PAINT_LINE 129 13 141 13
PAINT_LINE 129 48 154 48
PAINT_LINE 129 60 137 60
PAINT_LINE 129 66 132 66
PAINT_LINE 129 90 129 95
PAINT_LINE 129 101 129 120
PAINT_LINE 129 125 129 134
PAINT_LINE 129 137 129 137
PAINT_LINE 129 143 129 152
PAINT_LINE 129 164 129 177
PAINT_LINE 129 251 129 251
PAINT_LINE 129 368 129 371
PAINT_LINE 129 374 132 374
PAINT_LINE 129 375 132 375
PAINT_LINE 129 377 129 381
PAINT_LINE 129 417 129 421
PAINT_LINE 129 601 144 601
PAINT_LINE 129 609 141 609
PAINT_LINE 129 625 129 627
PAINT_LINE 129 634 129 634
PAINT_LINE 129 645 129 649
PAINT_LINE 129 665 129 667
PAINT_LINE 129 670 129 677
PAINT_LINE 129 683 130 683
PAINT_LINE 129 697 140 697
PAINT_LINE 129 698 135 698
PAINT_LINE 129 701 129 707
PAINT_LINE 129 777 129 786
PAINT_LINE 129 789 129 794
PAINT_LINE 130 40 130 42
PAINT_LINE 130 70 130 70
PAINT_LINE 130 90 130 94
PAINT_LINE 130 120 134 120
PAINT_LINE 130 170 130 177
PAINT_LINE 130 210 135 210
PAINT_LINE 130 367 130 370
PAINT_LINE 130 377 130 380
PAINT_LINE 130 406 130 407
PAINT_LINE 130 415 130 421
PAINT_LINE 130 491 131 491
PAINT_LINE 130 506 135 506
PAINT_LINE 130 608 134 608
PAINT_LINE 130 645 130 648
PAINT_LINE 130 659 133 659
PAINT_LINE 130 666 132 666
PAINT_LINE 130 667 132 667
PAINT_LINE 130 669 130 677
PAINT_LINE 130 680 130 682
PAINT_LINE 130 684 130 684
PAINT_LINE 130 702 130 707
PAINT_LINE 130 775 130 778
PAINT_LINE 130 790 130 794
PAINT_LINE 130 797 130 798
PAINT_LINE 131 14 142 14
PAINT_LINE 131 40 131 42
PAINT_LINE 131 61 131 61
PAINT_LINE 131 67 133 67
PAINT_LINE 131 73 131 73
PAINT_LINE 131 88 131 91
PAINT_LINE 131 119 135 119
PAINT_LINE 131 137 136 137
PAINT_LINE 131 172 131 177
PAINT_LINE 131 367 131 368
PAINT_LINE 131 377 131 381
PAINT_LINE 131 391 131 398
PAINT_LINE 131 406 131 419
PAINT_LINE 131 486 137 486
PAINT_LINE 131 490 131 490
PAINT_LINE 131 508 135 508
PAINT_LINE 131 600 143 600
PAINT_LINE 131 621 131 622
PAINT_LINE 131 645 131 648
PAINT_LINE 131 665 132 665
PAINT_LINE 131 668 131 671
PAINT_LINE 131 675 131 681
PAINT_LINE 131 702 131 708
PAINT_LINE 131 773 131 777
PAINT_LINE 131 792 131 798
PAINT_LINE 132 41 132 42
PAINT_LINE 132 49 154 49
PAINT_LINE 132 68 134 68
PAINT_LINE 132 84 132 90
PAINT_LINE 132 175 132 176
PAINT_LINE 132 356 132 367
PAINT_LINE 132 372 132 373
PAINT_LINE 132 378 132 382
PAINT_LINE 132 392 132 397
PAINT_LINE 132 407 132 416
PAINT_LINE 132 505 135 505
PAINT_LINE 132 599 140 599
PAINT_LINE 132 607 132 607
PAINT_LINE 132 616 132 619
PAINT_LINE 132 624 132 636
PAINT_LINE 132 646 132 651
PAINT_LINE 132 660 132 664
PAINT_LINE 132 668 132 672
PAINT_LINE 132 677 137 677
PAINT_LINE 132 678 137 678
PAINT_LINE 132 679 134 679
PAINT_LINE 132 686 132 687
PAINT_LINE 132 703 132 708
PAINT_LINE 132 771 132 776
PAINT_LINE 133 42 133 42
PAINT_LINE 133 61 139 61
PAINT_LINE 133 69 135 69
PAINT_LINE 133 70 140 70
PAINT_LINE 133 73 133 87
PAINT_LINE 133 118 135 118
PAINT_LINE 133 136 137 136
PAINT_LINE 133 360 133 362
PAINT_LINE 133 373 137 373
PAINT_LINE 133 380 134 380
PAINT_LINE 133 392 133 398
PAINT_LINE 133 410 133 413
PAINT_LINE 133 465 133 471
PAINT_LINE 133 610 137 610
PAINT_LINE 133 613 133 617
PAINT_LINE 133 629 133 657
PAINT_LINE 133 660 133 662
PAINT_LINE 133 671 133 676
PAINT_LINE 133 680 134 680
PAINT_LINE 133 684 133 687
PAINT_LINE 133 696 140 696
PAINT_LINE 133 703 133 708
PAINT_LINE 133 770 133 774
PAINT_LINE 134 15 143 15
PAINT_LINE 134 62 140 62
PAINT_LINE 134 73 134 82
PAINT_LINE 134 117 136 117
PAINT_LINE 134 134 141 134
PAINT_LINE 134 135 138 135
PAINT_LINE 134 356 134 372
PAINT_LINE 134 374 134 379
PAINT_LINE 134 381 134 383
PAINT_LINE 134 391 134 397
PAINT_LINE 134 406 134 421
PAINT_LINE 134 448 134 485
PAINT_LINE 134 490 139 490
PAINT_LINE 134 491 134 494
PAINT_LINE 134 497 134 501
PAINT_LINE 134 602 146 602
PAINT_LINE 134 611 134 615
PAINT_LINE 134 653 134 657
PAINT_LINE 134 674 134 676
PAINT_LINE 134 681 134 684
PAINT_LINE 134 699 134 699
PAINT_LINE 134 704 142 704
PAINT_LINE 134 705 142 705
PAINT_LINE 134 706 143 706
PAINT_LINE 134 707 143 707
PAINT_LINE 134 708 144 708
PAINT_LINE 134 769 134 772
PAINT_LINE 135 16 144 16
PAINT_LINE 135 50 154 50
PAINT_LINE 135 73 135 73
PAINT_LINE 135 116 137 116
PAINT_LINE 135 133 141 133
PAINT_LINE 135 356 135 372
PAINT_LINE 135 374 135 377
PAINT_LINE 135 408 135 419
PAINT_LINE 135 448 135 457
PAINT_LINE 135 461 137 461
PAINT_LINE 135 462 137 462
PAINT_LINE 135 483 135 485
PAINT_LINE 135 491 135 504
PAINT_LINE 135 509 135 526
PAINT_LINE 135 611 135 613
PAINT_LINE 135 675 141 675
PAINT_LINE 135 676 139 676
PAINT_LINE 135 695 140 695
PAINT_LINE 135 703 137 703
PAINT_LINE 135 709 145 709
PAINT_LINE 135 768 135 770
PAINT_LINE 135 799 139 799
PAINT_LINE 136 17 144 17
PAINT_LINE 136 18 145 18
PAINT_LINE 136 63 141 63
PAINT_LINE 136 115 141 115
PAINT_LINE 136 132 141 132
PAINT_LINE 136 216 136 216
PAINT_LINE 136 369 140 369
PAINT_LINE 136 370 136 372
PAINT_LINE 136 374 136 376
PAINT_LINE 136 406 136 421
PAINT_LINE 136 450 136 460
PAINT_LINE 136 484 143 484
PAINT_LINE 136 485 144 485
PAINT_LINE 136 512 136 528
PAINT_LINE 136 598 139 598
PAINT_LINE 136 608 140 608
PAINT_LINE 136 611 136 611
PAINT_LINE 136 626 136 627
PAINT_LINE 136 694 136 694
PAINT_LINE 136 767 136 769
PAINT_LINE 136 798 147 798
PAINT_LINE 137 19 146 19
PAINT_LINE 137 20 146 20
PAINT_LINE 137 113 141 113
PAINT_LINE 137 114 141 114
PAINT_LINE 137 131 141 131
PAINT_LINE 137 363 137 368
PAINT_LINE 137 370 137 372
PAINT_LINE 137 374 137 374
PAINT_LINE 137 404 137 408
PAINT_LINE 137 458 137 460
PAINT_LINE 137 463 137 464
PAINT_LINE 137 483 142 483
PAINT_LINE 137 491 140 491
PAINT_LINE 137 512 137 530
PAINT_LINE 137 567 137 569
PAINT_LINE 137 607 137 607
PAINT_LINE 137 627 137 633
PAINT_LINE 137 640 137 644
PAINT_LINE 137 656 137 667
PAINT_LINE 137 669 137 671
PAINT_LINE 137 674 142 674
PAINT_LINE 137 698 141 698
PAINT_LINE 137 766 140 766
PAINT_LINE 137 767 137 768
PAINT_LINE 137 797 143 797
PAINT_LINE 138 21 147 21
PAINT_LINE 138 51 154 51
PAINT_LINE 138 64 142 64
PAINT_LINE 138 73 139 73
PAINT_LINE 138 112 141 112
PAINT_LINE 138 129 144 129
PAINT_LINE 138 130 142 130
PAINT_LINE 138 211 138 211
PAINT_LINE 138 216 156 216
PAINT_LINE 138 251 145 251
PAINT_LINE 138 362 138 368
PAINT_LINE 138 403 138 408
PAINT_LINE 138 463 138 472
PAINT_LINE 138 482 140 482
PAINT_LINE 138 492 141 492
PAINT_LINE 138 513 138 530
PAINT_LINE 138 569 138 571
PAINT_LINE 138 628 138 635
PAINT_LINE 138 644 138 647
PAINT_LINE 138 649 138 651
PAINT_LINE 138 654 138 656
PAINT_LINE 138 672 142 672
PAINT_LINE 138 673 142 673
PAINT_LINE 138 699 141 699
PAINT_LINE 138 765 142 765
PAINT_LINE 138 767 138 767
PAINT_LINE 138 796 143 796
PAINT_LINE 139 22 147 22
PAINT_LINE 139 65 143 65
PAINT_LINE 139 109 139 111
PAINT_LINE 139 116 141 116
PAINT_LINE 139 126 146 126
PAINT_LINE 139 127 148 127
PAINT_LINE 139 128 148 128
PAINT_LINE 139 199 143 199
PAINT_LINE 139 200 144 200
PAINT_LINE 139 203 139 203
PAINT_LINE 139 209 139 210
PAINT_LINE 139 217 146 217
PAINT_LINE 139 219 139 233
PAINT_LINE 139 362 139 368
PAINT_LINE 139 370 139 375
PAINT_LINE 139 404 139 418
PAINT_LINE 139 467 139 468
PAINT_LINE 139 470 139 481
PAINT_LINE 139 486 145 486
PAINT_LINE 139 493 141 493
PAINT_LINE 139 512 139 529
PAINT_LINE 139 571 139 572
PAINT_LINE 139 610 141 610
PAINT_LINE 139 671 142 671
PAINT_LINE 139 689 140 689
PAINT_LINE 139 692 140 692
PAINT_LINE 139 700 141 700
PAINT_LINE 139 703 141 703
PAINT_LINE 139 764 143 764
PAINT_LINE 139 795 151 795
PAINT_LINE 140 23 147 23
PAINT_LINE 140 24 148 24
PAINT_LINE 140 25 148 25
PAINT_LINE 140 100 140 101
PAINT_LINE 140 108 140 111
PAINT_LINE 140 117 141 117
PAINT_LINE 140 125 145 125
PAINT_LINE 140 135 141 135
PAINT_LINE 140 198 143 198
PAINT_LINE 140 201 142 201
PAINT_LINE 140 202 142 202
PAINT_LINE 140 229 140 234
PAINT_LINE 140 363 140 368
PAINT_LINE 140 370 140 376
PAINT_LINE 140 405 140 420
PAINT_LINE 140 476 140 481
PAINT_LINE 140 487 146 487
PAINT_LINE 140 494 140 497
PAINT_LINE 140 511 140 529
PAINT_LINE 140 562 141 562
PAINT_LINE 140 572 140 573
PAINT_LINE 140 603 147 603
PAINT_LINE 140 683 140 688
PAINT_LINE 140 690 140 691
PAINT_LINE 140 693 140 694
PAINT_LINE 140 701 140 702
PAINT_LINE 140 763 143 763
PAINT_LINE 141 26 149 26
PAINT_LINE 141 27 149 27
PAINT_LINE 141 52 154 52
PAINT_LINE 141 66 144 66
PAINT_LINE 141 89 141 111
PAINT_LINE 141 118 141 124
PAINT_LINE 141 136 141 153
PAINT_LINE 141 187 142 187
PAINT_LINE 141 203 141 204
PAINT_LINE 141 206 141 212
PAINT_LINE 141 218 141 233
PAINT_LINE 141 250 146 250
PAINT_LINE 141 374 141 377
PAINT_LINE 141 415 141 420
PAINT_LINE 141 494 141 528
PAINT_LINE 141 561 142 561
PAINT_LINE 141 573 143 573
PAINT_LINE 141 611 141 611
PAINT_LINE 141 643 141 646
PAINT_LINE 141 654 141 660
PAINT_LINE 141 669 143 669
PAINT_LINE 141 670 143 670
PAINT_LINE 141 680 141 683
PAINT_LINE 141 701 141 702
PAINT_LINE 141 710 145 710
PAINT_LINE 141 762 144 762
PAINT_LINE 141 794 151 794
PAINT_LINE 142 28 149 28
PAINT_LINE 142 43 153 43
PAINT_LINE 142 53 154 53
PAINT_LINE 142 67 145 67
PAINT_LINE 142 70 153 70
PAINT_LINE 142 97 145 97
PAINT_LINE 142 98 145 98
PAINT_LINE 142 101 142 107
PAINT_LINE 142 124 146 124
PAINT_LINE 142 150 144 150
PAINT_LINE 142 186 142 186
PAINT_LINE 142 195 142 197
PAINT_LINE 142 203 142 204
PAINT_LINE 142 208 150 208
PAINT_LINE 142 209 144 209
PAINT_LINE 142 210 144 210
PAINT_LINE 142 221 142 233
PAINT_LINE 142 364 142 366
PAINT_LINE 142 374 142 376
PAINT_LINE 142 406 142 410
PAINT_LINE 142 414 142 420
PAINT_LINE 142 505 142 508
PAINT_LINE 142 523 142 527
PAINT_LINE 142 542 142 544
PAINT_LINE 142 546 142 546
PAINT_LINE 142 574 146 574
PAINT_LINE 142 604 148 604
PAINT_LINE 142 613 142 623
PAINT_LINE 142 629 142 634
PAINT_LINE 142 640 142 643
PAINT_LINE 142 645 142 654
PAINT_LINE 142 666 142 668
PAINT_LINE 142 678 142 681
PAINT_LINE 142 761 146 761
PAINT_LINE 142 766 142 793
PAINT_LINE 142 799 146 799
PAINT_LINE 143 29 150 29
PAINT_LINE 143 30 150 30
PAINT_LINE 143 41 153 41
PAINT_LINE 143 42 153 42
PAINT_LINE 143 68 146 68
PAINT_LINE 143 73 155 73
PAINT_LINE 143 95 145 95
PAINT_LINE 143 96 145 96
PAINT_LINE 143 99 143 104
PAINT_LINE 143 122 148 122
PAINT_LINE 143 123 146 123
PAINT_LINE 143 148 143 149
PAINT_LINE 143 151 143 153
PAINT_LINE 143 197 143 197
PAINT_LINE 143 207 151 207
PAINT_LINE 143 219 143 225
PAINT_LINE 143 227 143 230
PAINT_LINE 143 363 143 375
PAINT_LINE 143 408 143 417
PAINT_LINE 143 488 148 488
PAINT_LINE 143 506 156 506
PAINT_LINE 143 507 157 507
PAINT_LINE 143 539 149 539
PAINT_LINE 143 550 143 551
PAINT_LINE 143 575 149 575
PAINT_LINE 143 605 149 605
PAINT_LINE 143 612 148 612
PAINT_LINE 143 613 143 614
PAINT_LINE 143 628 143 632
PAINT_LINE 143 635 143 636
PAINT_LINE 143 664 143 668
PAINT_LINE 143 676 147 676
PAINT_LINE 143 677 143 678
PAINT_LINE 143 711 146 711
PAINT_LINE 143 712 146 712
PAINT_LINE 143 760 148 760
PAINT_LINE 143 771 143 775
PAINT_LINE 143 784 143 793
PAINT_LINE 144 31 150 31
PAINT_LINE 144 32 150 32
PAINT_LINE 144 33 151 33
PAINT_LINE 144 40 152 40
PAINT_LINE 144 54 155 54
PAINT_LINE 144 69 146 69
PAINT_LINE 144 92 144 94
PAINT_LINE 144 99 144 102
PAINT_LINE 144 120 148 120
PAINT_LINE 144 121 148 121
PAINT_LINE 144 131 144 132
PAINT_LINE 144 149 144 149
PAINT_LINE 144 157 144 158
PAINT_LINE 144 183 144 185
PAINT_LINE 144 205 144 206
PAINT_LINE 144 220 144 232
PAINT_LINE 144 249 157 249
PAINT_LINE 144 367 144 372
PAINT_LINE 144 505 153 505
PAINT_LINE 144 508 145 508
PAINT_LINE 144 538 145 538
PAINT_LINE 144 551 144 555
PAINT_LINE 144 559 150 559
PAINT_LINE 144 560 146 560
PAINT_LINE 144 579 144 592
PAINT_LINE 144 606 150 606
PAINT_LINE 144 611 147 611
PAINT_LINE 144 613 144 613
PAINT_LINE 144 629 144 632
PAINT_LINE 144 648 144 651
PAINT_LINE 144 662 144 667
PAINT_LINE 144 674 149 674
PAINT_LINE 144 675 148 675
PAINT_LINE 144 677 144 677
PAINT_LINE 144 713 147 713
PAINT_LINE 144 714 147 714
PAINT_LINE 144 792 153 792
PAINT_LINE 144 793 151 793
PAINT_LINE 145 34 151 34
PAINT_LINE 145 38 152 38
PAINT_LINE 145 39 152 39
PAINT_LINE 145 55 155 55
PAINT_LINE 145 86 145 94
PAINT_LINE 145 99 145 103
PAINT_LINE 145 112 145 119
PAINT_LINE 145 130 145 131
PAINT_LINE 145 154 149 154
PAINT_LINE 145 155 145 156
PAINT_LINE 145 201 145 202
PAINT_LINE 145 206 148 206
PAINT_LINE 145 221 145 226
PAINT_LINE 145 230 148 230
PAINT_LINE 145 231 145 231
PAINT_LINE 145 248 157 248
PAINT_LINE 145 555 145 558
PAINT_LINE 145 573 146 573
PAINT_LINE 145 576 145 581
PAINT_LINE 145 589 145 593
PAINT_LINE 145 607 150 607
PAINT_LINE 145 610 146 610
PAINT_LINE 145 629 145 632
PAINT_LINE 145 643 145 647
PAINT_LINE 145 649 145 665
PAINT_LINE 145 672 149 672
PAINT_LINE 145 673 149 673
PAINT_LINE 145 715 148 715
PAINT_LINE 145 759 150 759
PAINT_LINE 145 791 153 791
PAINT_LINE 145 796 151 796
PAINT_LINE 145 797 148 797
PAINT_LINE 146 35 152 35
PAINT_LINE 146 36 152 36
PAINT_LINE 146 37 152 37
PAINT_LINE 146 56 155 56
PAINT_LINE 146 76 146 91
PAINT_LINE 146 99 146 103
PAINT_LINE 146 111 146 119
PAINT_LINE 146 129 148 129
PAINT_LINE 146 130 146 130
PAINT_LINE 146 152 148 152
PAINT_LINE 146 153 150 153
PAINT_LINE 146 155 146 155
PAINT_LINE 146 158 146 183
PAINT_LINE 146 187 146 187
PAINT_LINE 146 201 146 202
PAINT_LINE 146 214 157 214
PAINT_LINE 146 221 146 225
PAINT_LINE 146 228 149 228
PAINT_LINE 146 229 148 229
PAINT_LINE 146 489 155 489
PAINT_LINE 146 504 147 504
PAINT_LINE 146 540 149 540
PAINT_LINE 146 541 150 541
PAINT_LINE 146 558 151 558
PAINT_LINE 146 569 146 572
PAINT_LINE 146 576 146 576
PAINT_LINE 146 591 150 591
PAINT_LINE 146 592 150 592
PAINT_LINE 146 593 149 593
PAINT_LINE 146 613 148 613
PAINT_LINE 146 628 146 634
PAINT_LINE 146 637 146 641
PAINT_LINE 146 650 146 658
PAINT_LINE 146 716 146 718
PAINT_LINE 146 758 153 758
PAINT_LINE 146 790 157 790
PAINT_LINE 147 57 152 57
PAINT_LINE 147 74 147 84
PAINT_LINE 147 109 147 119
PAINT_LINE 147 151 148 151
PAINT_LINE 147 157 147 160
PAINT_LINE 147 171 147 172
PAINT_LINE 147 175 147 176
PAINT_LINE 147 179 147 183
PAINT_LINE 147 203 147 203
PAINT_LINE 147 212 157 212
PAINT_LINE 147 213 157 213
PAINT_LINE 147 222 154 222
PAINT_LINE 147 223 154 223
PAINT_LINE 147 224 147 224
PAINT_LINE 147 227 155 227
PAINT_LINE 147 247 157 247
PAINT_LINE 147 382 153 382
PAINT_LINE 147 383 153 383
PAINT_LINE 147 384 149 384
PAINT_LINE 147 408 154 408
PAINT_LINE 147 409 154 409
PAINT_LINE 147 410 153 410
PAINT_LINE 147 411 153 411
PAINT_LINE 147 490 148 490
PAINT_LINE 147 508 152 508
PAINT_LINE 147 542 150 542
PAINT_LINE 147 543 150 543
PAINT_LINE 147 562 147 564
PAINT_LINE 147 566 153 566
PAINT_LINE 147 567 153 567
PAINT_LINE 147 608 151 608
PAINT_LINE 147 625 147 631
PAINT_LINE 147 639 149 639
PAINT_LINE 147 640 148 640
PAINT_LINE 147 648 150 648
PAINT_LINE 147 649 147 649
PAINT_LINE 147 652 147 658
PAINT_LINE 147 716 147 720
PAINT_LINE 147 757 153 757
PAINT_LINE 148 58 152 58
PAINT_LINE 148 74 148 79
PAINT_LINE 148 103 148 119
PAINT_LINE 148 123 148 124
PAINT_LINE 148 126 148 126
PAINT_LINE 148 150 148 150
PAINT_LINE 148 155 148 163
PAINT_LINE 148 165 148 166
PAINT_LINE 148 169 148 169
PAINT_LINE 148 171 148 172
PAINT_LINE 148 175 148 182
PAINT_LINE 148 204 151 204
PAINT_LINE 148 211 151 211
PAINT_LINE 148 217 154 217
PAINT_LINE 148 221 154 221
PAINT_LINE 148 226 154 226
PAINT_LINE 148 245 157 245
PAINT_LINE 148 246 157 246
PAINT_LINE 148 250 157 250
PAINT_LINE 148 376 153 376
PAINT_LINE 148 380 152 380
PAINT_LINE 148 381 153 381
PAINT_LINE 148 385 148 385
PAINT_LINE 148 407 152 407
PAINT_LINE 148 412 152 412
PAINT_LINE 148 544 151 544
PAINT_LINE 148 564 153 564
PAINT_LINE 148 565 153 565
PAINT_LINE 148 568 154 568
PAINT_LINE 148 569 154 569
PAINT_LINE 148 570 154 570
PAINT_LINE 148 576 157 576
PAINT_LINE 148 609 152 609
PAINT_LINE 148 614 148 616
PAINT_LINE 148 623 157 623
PAINT_LINE 148 624 157 624
PAINT_LINE 148 625 148 628
PAINT_LINE 148 636 148 638
PAINT_LINE 148 641 148 641
PAINT_LINE 148 647 152 647
PAINT_LINE 148 653 148 654
PAINT_LINE 148 656 148 659
PAINT_LINE 148 671 149 671
PAINT_LINE 148 716 148 720
PAINT_LINE 148 756 157 756
PAINT_LINE 149 102 149 115
PAINT_LINE 149 155 149 158
PAINT_LINE 149 182 157 182
PAINT_LINE 149 183 157 183
PAINT_LINE 149 209 149 210
PAINT_LINE 149 374 149 375
PAINT_LINE 149 377 153 377
PAINT_LINE 149 378 153 378
PAINT_LINE 149 379 153 379
PAINT_LINE 149 391 149 399
PAINT_LINE 149 571 154 571
PAINT_LINE 149 590 151 590
PAINT_LINE 149 615 149 622
PAINT_LINE 149 625 149 625
PAINT_LINE 149 633 149 638
PAINT_LINE 149 646 153 646
PAINT_LINE 149 649 149 650
PAINT_LINE 149 653 149 659
PAINT_LINE 149 669 149 670
PAINT_LINE 149 717 149 721
PAINT_LINE 149 755 157 755
PAINT_LINE 149 789 157 789
PAINT_LINE 150 59 152 59
PAINT_LINE 150 60 152 60
PAINT_LINE 150 88 150 152
PAINT_LINE 150 177 150 181
PAINT_LINE 150 205 152 205
PAINT_LINE 150 206 153 206
PAINT_LINE 150 209 150 210
PAINT_LINE 150 218 150 218
PAINT_LINE 150 220 151 220
PAINT_LINE 150 224 154 224
PAINT_LINE 150 374 150 375
PAINT_LINE 150 390 150 401
PAINT_LINE 150 490 157 490
PAINT_LINE 150 545 152 545
PAINT_LINE 150 557 152 557
PAINT_LINE 150 560 150 560
PAINT_LINE 150 572 154 572
PAINT_LINE 150 610 153 610
PAINT_LINE 150 611 153 611
PAINT_LINE 150 620 153 620
PAINT_LINE 150 621 153 621
PAINT_LINE 150 622 154 622
PAINT_LINE 150 631 150 634
PAINT_LINE 150 644 150 645
PAINT_LINE 150 654 150 659
PAINT_LINE 150 667 150 670
PAINT_LINE 150 718 150 723
PAINT_LINE 151 61 151 63
PAINT_LINE 151 89 151 106
PAINT_LINE 151 155 157 155
PAINT_LINE 151 181 157 181
PAINT_LINE 151 225 154 225
PAINT_LINE 151 392 151 397
PAINT_LINE 151 546 152 546
PAINT_LINE 151 563 153 563
PAINT_LINE 151 587 151 589
PAINT_LINE 151 612 153 612
PAINT_LINE 151 632 151 634
PAINT_LINE 151 641 151 645
PAINT_LINE 151 653 153 653
PAINT_LINE 151 657 156 657
PAINT_LINE 151 658 155 658
PAINT_LINE 151 659 154 659
PAINT_LINE 151 666 151 668
PAINT_LINE 151 718 151 723
PAINT_LINE 151 754 157 754
PAINT_LINE 151 788 157 788
PAINT_LINE 151 797 151 799
PAINT_LINE 152 61 152 65
PAINT_LINE 152 83 152 106
PAINT_LINE 152 116 152 118
PAINT_LINE 152 120 152 122
PAINT_LINE 152 125 152 129
PAINT_LINE 152 154 157 154
PAINT_LINE 152 156 157 156
PAINT_LINE 152 218 154 218
PAINT_LINE 152 219 152 219
PAINT_LINE 152 228 157 228
PAINT_LINE 152 229 152 229
PAINT_LINE 152 375 153 375
PAINT_LINE 152 384 152 385
PAINT_LINE 152 391 152 400
PAINT_LINE 152 547 152 549
PAINT_LINE 152 552 152 555
PAINT_LINE 152 562 153 562
PAINT_LINE 152 577 156 577
PAINT_LINE 152 585 152 588
PAINT_LINE 152 613 154 613
PAINT_LINE 152 614 154 614
PAINT_LINE 152 630 154 630
PAINT_LINE 152 645 153 645
PAINT_LINE 152 648 152 648
PAINT_LINE 152 652 154 652
PAINT_LINE 152 654 152 654
PAINT_LINE 152 665 152 666
PAINT_LINE 152 719 152 723
PAINT_LINE 152 797 152 799
PAINT_LINE 153 61 153 69
PAINT_LINE 153 74 153 98
PAINT_LINE 153 103 153 105
PAINT_LINE 153 127 157 127
PAINT_LINE 153 128 157 128
PAINT_LINE 153 204 153 204
PAINT_LINE 153 210 157 210
PAINT_LINE 153 211 157 211
PAINT_LINE 153 374 153 374
PAINT_LINE 153 384 153 385
PAINT_LINE 153 547 153 553
PAINT_LINE 153 578 153 584
PAINT_LINE 153 615 153 617
PAINT_LINE 153 627 157 627
PAINT_LINE 153 632 153 636
PAINT_LINE 153 642 153 644
PAINT_LINE 153 651 155 651
PAINT_LINE 153 663 157 663
PAINT_LINE 153 664 153 665
PAINT_LINE 153 718 153 722
PAINT_LINE 153 787 157 787
PAINT_LINE 153 799 157 799
PAINT_LINE 154 57 154 60
PAINT_LINE 154 74 154 90
PAINT_LINE 154 103 154 105
PAINT_LINE 154 219 154 220
PAINT_LINE 154 244 157 244
PAINT_LINE 154 508 157 508
PAINT_LINE 154 547 154 548
PAINT_LINE 154 551 154 554
PAINT_LINE 154 557 157 557
PAINT_LINE 154 575 157 575
PAINT_LINE 154 578 154 583
PAINT_LINE 154 615 154 619
PAINT_LINE 154 625 156 625
PAINT_LINE 154 626 156 626
PAINT_LINE 154 629 154 629
PAINT_LINE 154 631 154 631
PAINT_LINE 154 635 154 640
PAINT_LINE 154 650 155 650
PAINT_LINE 154 655 157 655
PAINT_LINE 154 656 157 656
PAINT_LINE 154 664 154 664
PAINT_LINE 154 712 154 720
PAINT_LINE 154 753 154 753
PAINT_LINE 155 57 155 72
PAINT_LINE 155 74 155 81
PAINT_LINE 155 103 155 105
PAINT_LINE 155 129 157 129
PAINT_LINE 155 204 155 204
PAINT_LINE 155 207 155 207
PAINT_LINE 155 229 157 229
PAINT_LINE 155 230 157 230
PAINT_LINE 155 505 155 505
PAINT_LINE 155 552 155 556
PAINT_LINE 155 578 155 579
PAINT_LINE 155 581 155 583
PAINT_LINE 155 616 155 619
PAINT_LINE 155 632 155 632
PAINT_LINE 155 648 157 648
PAINT_LINE 155 649 157 649
PAINT_LINE 155 654 157 654
PAINT_LINE 155 662 157 662
PAINT_LINE 155 711 155 714
PAINT_LINE 155 798 157 798
PAINT_LINE 156 104 156 105
PAINT_LINE 156 231 157 231
PAINT_LINE 156 491 157 491
PAINT_LINE 156 542 157 542
PAINT_LINE 156 556 156 556
PAINT_LINE 156 558 157 558
PAINT_LINE 156 574 157 574
PAINT_LINE 156 583 156 588
PAINT_LINE 156 618 156 622
PAINT_LINE 156 628 156 630
PAINT_LINE 156 638 156 647
PAINT_LINE 156 661 157 661
PAINT_LINE 156 710 156 712
PAINT_LINE 156 753 157 753
PAINT_LINE 156 757 157 757
PAINT_LINE 156 784 156 786
PAINT_LINE 156 791 156 797
PAINT_LINE 157 103 157 105
PAINT_LINE 157 126 157 126
PAINT_LINE 157 207 157 209
PAINT_LINE 157 217 157 225
PAINT_LINE 157 227 157 227
PAINT_LINE 157 509 157 509
PAINT_LINE 157 541 157 541
PAINT_LINE 157 559 157 559
PAINT_LINE 157 571 157 573
PAINT_LINE 157 583 157 592
PAINT_LINE 157 619 157 622
PAINT_LINE 157 628 157 631
PAINT_LINE 157 636 157 647
PAINT_LINE 157 653 157 653
PAINT_LINE 157 709 157 713
PAINT_LINE 157 752 157 752
PAINT_LINE 157 758 157 786
PAINT_LINE 157 791 157 797
